running egg_info
writing ../../build/weather_pkg/weather_pkg.egg-info/PKG-INFO
writing dependency_links to ../../build/weather_pkg/weather_pkg.egg-info/dependency_links.txt
writing entry points to ../../build/weather_pkg/weather_pkg.egg-info/entry_points.txt
writing requirements to ../../build/weather_pkg/weather_pkg.egg-info/requires.txt
writing top-level names to ../../build/weather_pkg/weather_pkg.egg-info/top_level.txt
reading manifest file '../../build/weather_pkg/weather_pkg.egg-info/SOURCES.txt'
writing manifest file '../../build/weather_pkg/weather_pkg.egg-info/SOURCES.txt'
running build
running build_py
copying weather_pkg/monitor_node.py -> /ros2_wshesh/build/weather_pkg/build/lib/weather_pkg
running install
running install_lib
copying /ros2_wshesh/build/weather_pkg/build/lib/weather_pkg/monitor_node.py -> /ros2_wshesh/install/weather_pkg/lib/python3.12/site-packages/weather_pkg
byte-compiling /ros2_wshesh/install/weather_pkg/lib/python3.12/site-packages/weather_pkg/monitor_node.py to monitor_node.cpython-312.pyc
running install_data
running install_egg_info
removing '/ros2_wshesh/install/weather_pkg/lib/python3.12/site-packages/weather_pkg-0.0.0-py3.12.egg-info' (and everything under it)
Copying ../../build/weather_pkg/weather_pkg.egg-info to /ros2_wshesh/install/weather_pkg/lib/python3.12/site-packages/weather_pkg-0.0.0-py3.12.egg-info
running install_scripts
Installing humidity script to /ros2_wshesh/install/weather_pkg/lib/weather_pkg
Installing monitor script to /ros2_wshesh/install/weather_pkg/lib/weather_pkg
Installing pressure script to /ros2_wshesh/install/weather_pkg/lib/weather_pkg
Installing temperature script to /ros2_wshesh/install/weather_pkg/lib/weather_pkg
writing list of installed files to '/ros2_wshesh/build/weather_pkg/install.log'
