running egg_info
creating ../../build/pkg_py/pkg_py.egg-info
writing ../../build/pkg_py/pkg_py.egg-info/PKG-INFO
writing dependency_links to ../../build/pkg_py/pkg_py.egg-info/dependency_links.txt
writing requirements to ../../build/pkg_py/pkg_py.egg-info/requires.txt
writing top-level names to ../../build/pkg_py/pkg_py.egg-info/top_level.txt
writing manifest file '../../build/pkg_py/pkg_py.egg-info/SOURCES.txt'
reading manifest file '../../build/pkg_py/pkg_py.egg-info/SOURCES.txt'
writing manifest file '../../build/pkg_py/pkg_py.egg-info/SOURCES.txt'
running build
running build_py
creating /ros2_wshesh/build/pkg_py/build
creating /ros2_wshesh/build/pkg_py/build/lib
creating /ros2_wshesh/build/pkg_py/build/lib/pkg_py
copying pkg_py/timer_node.py -> /ros2_wshesh/build/pkg_py/build/lib/pkg_py
copying pkg_py/__init__.py -> /ros2_wshesh/build/pkg_py/build/lib/pkg_py
running install
running install_lib
creating /ros2_wshesh/install/pkg_py/lib/python3.12/site-packages/pkg_py
copying /ros2_wshesh/build/pkg_py/build/lib/pkg_py/timer_node.py -> /ros2_wshesh/install/pkg_py/lib/python3.12/site-packages/pkg_py
copying /ros2_wshesh/build/pkg_py/build/lib/pkg_py/__init__.py -> /ros2_wshesh/install/pkg_py/lib/python3.12/site-packages/pkg_py
byte-compiling /ros2_wshesh/install/pkg_py/lib/python3.12/site-packages/pkg_py/timer_node.py to timer_node.cpython-312.pyc
byte-compiling /ros2_wshesh/install/pkg_py/lib/python3.12/site-packages/pkg_py/__init__.py to __init__.cpython-312.pyc
running install_data
creating /ros2_wshesh/install/pkg_py/share/ament_index
creating /ros2_wshesh/install/pkg_py/share/ament_index/resource_index
creating /ros2_wshesh/install/pkg_py/share/ament_index/resource_index/packages
copying resource/pkg_py -> /ros2_wshesh/install/pkg_py/share/ament_index/resource_index/packages
copying package.xml -> /ros2_wshesh/install/pkg_py/share/pkg_py
running install_egg_info
Copying ../../build/pkg_py/pkg_py.egg-info to /ros2_wshesh/install/pkg_py/lib/python3.12/site-packages/pkg_py-0.0.0-py3.12.egg-info
running install_scripts
writing list of installed files to '/ros2_wshesh/build/pkg_py/install.log'
