[0.433s] Invoking command in '/ros2_wshesh/src/pkg_py': PYTHONPATH=/ros2_wshesh/build/pkg_py/prefix_override:/usr/lib/python3/dist-packages/colcon_core/task/python/colcon_distutils_commands:/ros2_wshesh/install/pkg_py/lib/python3.12/site-packages: /usr/bin/python3 -W ignore:setup.py install is deprecated -W ignore:easy_install command is deprecated setup.py egg_info --egg-base ../../build/pkg_py build --build-base /ros2_wshesh/build/pkg_py/build install --record /ros2_wshesh/build/pkg_py/install.log --single-version-externally-managed install_data
[0.564s] running egg_info
[0.564s] creating ../../build/pkg_py/pkg_py.egg-info
[0.569s] writing ../../build/pkg_py/pkg_py.egg-info/PKG-INFO
[0.570s] writing dependency_links to ../../build/pkg_py/pkg_py.egg-info/dependency_links.txt
[0.570s] writing requirements to ../../build/pkg_py/pkg_py.egg-info/requires.txt
[0.570s] writing top-level names to ../../build/pkg_py/pkg_py.egg-info/top_level.txt
[0.570s] writing manifest file '../../build/pkg_py/pkg_py.egg-info/SOURCES.txt'
[0.581s] reading manifest file '../../build/pkg_py/pkg_py.egg-info/SOURCES.txt'
[0.582s] writing manifest file '../../build/pkg_py/pkg_py.egg-info/SOURCES.txt'
[0.582s] running build
[0.582s] running build_py
[0.582s] creating /ros2_wshesh/build/pkg_py/build
[0.583s] creating /ros2_wshesh/build/pkg_py/build/lib
[0.583s] creating /ros2_wshesh/build/pkg_py/build/lib/pkg_py
[0.583s] copying pkg_py/timer_node.py -> /ros2_wshesh/build/pkg_py/build/lib/pkg_py
[0.583s] copying pkg_py/__init__.py -> /ros2_wshesh/build/pkg_py/build/lib/pkg_py
[0.583s] running install
[0.587s] running install_lib
[0.593s] creating /ros2_wshesh/install/pkg_py/lib/python3.12/site-packages/pkg_py
[0.593s] copying /ros2_wshesh/build/pkg_py/build/lib/pkg_py/timer_node.py -> /ros2_wshesh/install/pkg_py/lib/python3.12/site-packages/pkg_py
[0.593s] copying /ros2_wshesh/build/pkg_py/build/lib/pkg_py/__init__.py -> /ros2_wshesh/install/pkg_py/lib/python3.12/site-packages/pkg_py
[0.593s] byte-compiling /ros2_wshesh/install/pkg_py/lib/python3.12/site-packages/pkg_py/timer_node.py to timer_node.cpython-312.pyc
[0.593s] byte-compiling /ros2_wshesh/install/pkg_py/lib/python3.12/site-packages/pkg_py/__init__.py to __init__.cpython-312.pyc
[0.594s] running install_data
[0.594s] creating /ros2_wshesh/install/pkg_py/share/ament_index
[0.594s] creating /ros2_wshesh/install/pkg_py/share/ament_index/resource_index
[0.594s] creating /ros2_wshesh/install/pkg_py/share/ament_index/resource_index/packages
[0.594s] copying resource/pkg_py -> /ros2_wshesh/install/pkg_py/share/ament_index/resource_index/packages
[0.594s] copying package.xml -> /ros2_wshesh/install/pkg_py/share/pkg_py
[0.594s] running install_egg_info
[0.601s] Copying ../../build/pkg_py/pkg_py.egg-info to /ros2_wshesh/install/pkg_py/lib/python3.12/site-packages/pkg_py-0.0.0-py3.12.egg-info
[0.602s] running install_scripts
[0.656s] writing list of installed files to '/ros2_wshesh/build/pkg_py/install.log'
[0.674s] Invoked command in '/ros2_wshesh/src/pkg_py' returned '0': PYTHONPATH=/ros2_wshesh/build/pkg_py/prefix_override:/usr/lib/python3/dist-packages/colcon_core/task/python/colcon_distutils_commands:/ros2_wshesh/install/pkg_py/lib/python3.12/site-packages: /usr/bin/python3 -W ignore:setup.py install is deprecated -W ignore:easy_install command is deprecated setup.py egg_info --egg-base ../../build/pkg_py build --build-base /ros2_wshesh/build/pkg_py/build install --record /ros2_wshesh/build/pkg_py/install.log --single-version-externally-managed install_data
