[0.653s] Invoking command in '/ros2_wshesh/src/turtle_pkg': PYTHONPATH=/ros2_wshesh/build/turtle_pkg/prefix_override:/usr/lib/python3/dist-packages/colcon_core/task/python/colcon_distutils_commands:/ros2_wshesh/install/turtle_pkg/lib/python3.12/site-packages: /usr/bin/python3 -W ignore:setup.py install is deprecated -W ignore:easy_install command is deprecated setup.py egg_info --egg-base ../../build/turtle_pkg build --build-base /ros2_wshesh/build/turtle_pkg/build install --record /ros2_wshesh/build/turtle_pkg/install.log --single-version-externally-managed install_data
[0.777s] running egg_info
[0.782s] writing ../../build/turtle_pkg/turtle_pkg.egg-info/PKG-INFO
[0.782s] writing dependency_links to ../../build/turtle_pkg/turtle_pkg.egg-info/dependency_links.txt
[0.782s] writing entry points to ../../build/turtle_pkg/turtle_pkg.egg-info/entry_points.txt
[0.782s] writing requirements to ../../build/turtle_pkg/turtle_pkg.egg-info/requires.txt
[0.783s] writing top-level names to ../../build/turtle_pkg/turtle_pkg.egg-info/top_level.txt
[0.793s] reading manifest file '../../build/turtle_pkg/turtle_pkg.egg-info/SOURCES.txt'
[0.793s] writing manifest file '../../build/turtle_pkg/turtle_pkg.egg-info/SOURCES.txt'
[0.794s] running build
[0.794s] running build_py
[0.794s] copying turtle_pkg/ControlsPublisher.py -> /ros2_wshesh/build/turtle_pkg/build/lib/turtle_pkg
[0.794s] running install
[0.798s] running install_lib
[0.804s] copying /ros2_wshesh/build/turtle_pkg/build/lib/turtle_pkg/ControlsPublisher.py -> /ros2_wshesh/install/turtle_pkg/lib/python3.12/site-packages/turtle_pkg
[0.804s] byte-compiling /ros2_wshesh/install/turtle_pkg/lib/python3.12/site-packages/turtle_pkg/ControlsPublisher.py to ControlsPublisher.cpython-312.pyc
[0.805s] /ros2_wshesh/install/turtle_pkg/lib/python3.12/site-packages/turtle_pkg/ControlsPublisher.py:34: SyntaxWarning: "is" with 'str' literal. Did you mean "=="?
[0.805s]   elif key is '\x1b':
[0.805s] running install_data
[0.805s] running install_egg_info
[0.812s] removing '/ros2_wshesh/install/turtle_pkg/lib/python3.12/site-packages/turtle_pkg-0.0.0-py3.12.egg-info' (and everything under it)
[0.812s] Copying ../../build/turtle_pkg/turtle_pkg.egg-info to /ros2_wshesh/install/turtle_pkg/lib/python3.12/site-packages/turtle_pkg-0.0.0-py3.12.egg-info
[0.813s] running install_scripts
[0.861s] Installing controls_publisher script to /ros2_wshesh/install/turtle_pkg/lib/turtle_pkg
[0.861s] Installing turtle_controller script to /ros2_wshesh/install/turtle_pkg/lib/turtle_pkg
[0.862s] writing list of installed files to '/ros2_wshesh/build/turtle_pkg/install.log'
[0.894s] Invoked command in '/ros2_wshesh/src/turtle_pkg' returned '0': PYTHONPATH=/ros2_wshesh/build/turtle_pkg/prefix_override:/usr/lib/python3/dist-packages/colcon_core/task/python/colcon_distutils_commands:/ros2_wshesh/install/turtle_pkg/lib/python3.12/site-packages: /usr/bin/python3 -W ignore:setup.py install is deprecated -W ignore:easy_install command is deprecated setup.py egg_info --egg-base ../../build/turtle_pkg build --build-base /ros2_wshesh/build/turtle_pkg/build install --record /ros2_wshesh/build/turtle_pkg/install.log --single-version-externally-managed install_data
