[0.727s] Invoking command in '/ros2_wshesh/src/weather_pkg': PYTHONPATH=/ros2_wshesh/build/weather_pkg/prefix_override:/usr/lib/python3/dist-packages/colcon_core/task/python/colcon_distutils_commands:/ros2_wshesh/install/weather_pkg/lib/python3.12/site-packages:${PYTHONPATH} /usr/bin/python3 -W ignore:setup.py install is deprecated -W ignore:easy_install command is deprecated setup.py egg_info --egg-base ../../build/weather_pkg build --build-base /ros2_wshesh/build/weather_pkg/build install --record /ros2_wshesh/build/weather_pkg/install.log --single-version-externally-managed install_data
[0.916s] running egg_info
[0.916s] creating ../../build/weather_pkg/weather_pkg.egg-info
[0.929s] writing ../../build/weather_pkg/weather_pkg.egg-info/PKG-INFO
[0.929s] writing dependency_links to ../../build/weather_pkg/weather_pkg.egg-info/dependency_links.txt
[0.929s] writing entry points to ../../build/weather_pkg/weather_pkg.egg-info/entry_points.txt
[0.930s] writing requirements to ../../build/weather_pkg/weather_pkg.egg-info/requires.txt
[0.930s] writing top-level names to ../../build/weather_pkg/weather_pkg.egg-info/top_level.txt
[0.930s] writing manifest file '../../build/weather_pkg/weather_pkg.egg-info/SOURCES.txt'
[0.956s] reading manifest file '../../build/weather_pkg/weather_pkg.egg-info/SOURCES.txt'
[0.957s] writing manifest file '../../build/weather_pkg/weather_pkg.egg-info/SOURCES.txt'
[0.957s] running build
[0.957s] running build_py
[0.957s] creating /ros2_wshesh/build/weather_pkg/build
[0.957s] creating /ros2_wshesh/build/weather_pkg/build/lib
[0.957s] creating /ros2_wshesh/build/weather_pkg/build/lib/weather_pkg
[0.957s] copying weather_pkg/__init__.py -> /ros2_wshesh/build/weather_pkg/build/lib/weather_pkg
[0.957s] running install
[0.962s] running install_lib
[0.975s] creating /ros2_wshesh/install/weather_pkg/lib/python3.12/site-packages/weather_pkg
[0.975s] copying /ros2_wshesh/build/weather_pkg/build/lib/weather_pkg/__init__.py -> /ros2_wshesh/install/weather_pkg/lib/python3.12/site-packages/weather_pkg
[0.975s] byte-compiling /ros2_wshesh/install/weather_pkg/lib/python3.12/site-packages/weather_pkg/__init__.py to __init__.cpython-312.pyc
[0.976s] running install_data
[0.976s] creating /ros2_wshesh/install/weather_pkg/share/ament_index
[0.976s] creating /ros2_wshesh/install/weather_pkg/share/ament_index/resource_index
[0.976s] creating /ros2_wshesh/install/weather_pkg/share/ament_index/resource_index/packages
[0.976s] copying resource/weather_pkg -> /ros2_wshesh/install/weather_pkg/share/ament_index/resource_index/packages
[0.976s] copying package.xml -> /ros2_wshesh/install/weather_pkg/share/weather_pkg
[0.976s] running install_egg_info
[0.991s] Copying ../../build/weather_pkg/weather_pkg.egg-info to /ros2_wshesh/install/weather_pkg/lib/python3.12/site-packages/weather_pkg-0.0.0-py3.12.egg-info
[0.992s] running install_scripts
[1.089s] Installing humidity script to /ros2_wshesh/install/weather_pkg/lib/weather_pkg
[1.089s] Installing monitor script to /ros2_wshesh/install/weather_pkg/lib/weather_pkg
[1.089s] Installing pressure script to /ros2_wshesh/install/weather_pkg/lib/weather_pkg
[1.089s] Installing temperature script to /ros2_wshesh/install/weather_pkg/lib/weather_pkg
[1.089s] writing list of installed files to '/ros2_wshesh/build/weather_pkg/install.log'
[1.121s] Invoked command in '/ros2_wshesh/src/weather_pkg' returned '0': PYTHONPATH=/ros2_wshesh/build/weather_pkg/prefix_override:/usr/lib/python3/dist-packages/colcon_core/task/python/colcon_distutils_commands:/ros2_wshesh/install/weather_pkg/lib/python3.12/site-packages:${PYTHONPATH} /usr/bin/python3 -W ignore:setup.py install is deprecated -W ignore:easy_install command is deprecated setup.py egg_info --egg-base ../../build/weather_pkg build --build-base /ros2_wshesh/build/weather_pkg/build install --record /ros2_wshesh/build/weather_pkg/install.log --single-version-externally-managed install_data
