[0.735s] Invoking command in '/ros2_wshesh/src/weather_pkg': PYTHONPATH=/ros2_wshesh/build/weather_pkg/prefix_override:/usr/lib/python3/dist-packages/colcon_core/task/python/colcon_distutils_commands:/ros2_wshesh/install/weather_pkg/lib/python3.12/site-packages:${PYTHONPATH} /usr/bin/python3 -W ignore:setup.py install is deprecated -W ignore:easy_install command is deprecated setup.py egg_info --egg-base ../../build/weather_pkg build --build-base /ros2_wshesh/build/weather_pkg/build install --record /ros2_wshesh/build/weather_pkg/install.log --single-version-externally-managed install_data
[0.927s] running egg_info
[0.940s] writing ../../build/weather_pkg/weather_pkg.egg-info/PKG-INFO
[0.940s] writing dependency_links to ../../build/weather_pkg/weather_pkg.egg-info/dependency_links.txt
[0.940s] writing entry points to ../../build/weather_pkg/weather_pkg.egg-info/entry_points.txt
[0.941s] writing requirements to ../../build/weather_pkg/weather_pkg.egg-info/requires.txt
[0.941s] writing top-level names to ../../build/weather_pkg/weather_pkg.egg-info/top_level.txt
[0.968s] reading manifest file '../../build/weather_pkg/weather_pkg.egg-info/SOURCES.txt'
[0.968s] writing manifest file '../../build/weather_pkg/weather_pkg.egg-info/SOURCES.txt'
[0.969s] running build
[0.969s] running build_py
[0.969s] copying weather_pkg/humidity_node.py -> /ros2_wshesh/build/weather_pkg/build/lib/weather_pkg
[0.969s] copying weather_pkg/monitor_node.py -> /ros2_wshesh/build/weather_pkg/build/lib/weather_pkg
[0.970s] copying weather_pkg/pressure_node.py -> /ros2_wshesh/build/weather_pkg/build/lib/weather_pkg
[0.970s] copying weather_pkg/temperature_node.py -> /ros2_wshesh/build/weather_pkg/build/lib/weather_pkg
[0.970s] running install
[0.974s] running install_lib
[0.988s] copying /ros2_wshesh/build/weather_pkg/build/lib/weather_pkg/humidity_node.py -> /ros2_wshesh/install/weather_pkg/lib/python3.12/site-packages/weather_pkg
[0.988s] copying /ros2_wshesh/build/weather_pkg/build/lib/weather_pkg/monitor_node.py -> /ros2_wshesh/install/weather_pkg/lib/python3.12/site-packages/weather_pkg
[0.988s] copying /ros2_wshesh/build/weather_pkg/build/lib/weather_pkg/pressure_node.py -> /ros2_wshesh/install/weather_pkg/lib/python3.12/site-packages/weather_pkg
[0.989s] copying /ros2_wshesh/build/weather_pkg/build/lib/weather_pkg/temperature_node.py -> /ros2_wshesh/install/weather_pkg/lib/python3.12/site-packages/weather_pkg
[0.989s] byte-compiling /ros2_wshesh/install/weather_pkg/lib/python3.12/site-packages/weather_pkg/humidity_node.py to humidity_node.cpython-312.pyc
[0.989s] byte-compiling /ros2_wshesh/install/weather_pkg/lib/python3.12/site-packages/weather_pkg/monitor_node.py to monitor_node.cpython-312.pyc
[0.990s] byte-compiling /ros2_wshesh/install/weather_pkg/lib/python3.12/site-packages/weather_pkg/pressure_node.py to pressure_node.cpython-312.pyc
[0.990s] byte-compiling /ros2_wshesh/install/weather_pkg/lib/python3.12/site-packages/weather_pkg/temperature_node.py to temperature_node.cpython-312.pyc
[0.991s] running install_data
[0.991s] running install_egg_info
[1.006s] removing '/ros2_wshesh/install/weather_pkg/lib/python3.12/site-packages/weather_pkg-0.0.0-py3.12.egg-info' (and everything under it)
[1.006s] Copying ../../build/weather_pkg/weather_pkg.egg-info to /ros2_wshesh/install/weather_pkg/lib/python3.12/site-packages/weather_pkg-0.0.0-py3.12.egg-info
[1.007s] running install_scripts
[1.104s] Installing humidity script to /ros2_wshesh/install/weather_pkg/lib/weather_pkg
[1.104s] Installing monitor script to /ros2_wshesh/install/weather_pkg/lib/weather_pkg
[1.104s] Installing pressure script to /ros2_wshesh/install/weather_pkg/lib/weather_pkg
[1.104s] Installing temperature script to /ros2_wshesh/install/weather_pkg/lib/weather_pkg
[1.104s] writing list of installed files to '/ros2_wshesh/build/weather_pkg/install.log'
[1.126s] Invoked command in '/ros2_wshesh/src/weather_pkg' returned '0': PYTHONPATH=/ros2_wshesh/build/weather_pkg/prefix_override:/usr/lib/python3/dist-packages/colcon_core/task/python/colcon_distutils_commands:/ros2_wshesh/install/weather_pkg/lib/python3.12/site-packages:${PYTHONPATH} /usr/bin/python3 -W ignore:setup.py install is deprecated -W ignore:easy_install command is deprecated setup.py egg_info --egg-base ../../build/weather_pkg build --build-base /ros2_wshesh/build/weather_pkg/build install --record /ros2_wshesh/build/weather_pkg/install.log --single-version-externally-managed install_data
