[0.735s] Invoking command in '/ros2_wshesh/src/weather_pkg': PYTHONPATH=/ros2_wshesh/build/weather_pkg/prefix_override:/usr/lib/python3/dist-packages/colcon_core/task/python/colcon_distutils_commands:/ros2_wshesh/install/weather_pkg/lib/python3.12/site-packages:${PYTHONPATH} /usr/bin/python3 -W ignore:setup.py install is deprecated -W ignore:easy_install command is deprecated setup.py egg_info --egg-base ../../build/weather_pkg build --build-base /ros2_wshesh/build/weather_pkg/build install --record /ros2_wshesh/build/weather_pkg/install.log --single-version-externally-managed install_data
[0.927s] running egg_info
[0.941s] writing ../../build/weather_pkg/weather_pkg.egg-info/PKG-INFO
[0.941s] writing dependency_links to ../../build/weather_pkg/weather_pkg.egg-info/dependency_links.txt
[0.941s] writing entry points to ../../build/weather_pkg/weather_pkg.egg-info/entry_points.txt
[0.941s] writing requirements to ../../build/weather_pkg/weather_pkg.egg-info/requires.txt
[0.944s] writing top-level names to ../../build/weather_pkg/weather_pkg.egg-info/top_level.txt
[0.971s] reading manifest file '../../build/weather_pkg/weather_pkg.egg-info/SOURCES.txt'
[0.972s] writing manifest file '../../build/weather_pkg/weather_pkg.egg-info/SOURCES.txt'
[0.972s] running build
[0.972s] running build_py
[0.972s] running install
[0.977s] running install_lib
[0.990s] running install_data
[0.991s] running install_egg_info
[1.005s] removing '/ros2_wshesh/install/weather_pkg/lib/python3.12/site-packages/weather_pkg-0.0.0-py3.12.egg-info' (and everything under it)
[1.005s] Copying ../../build/weather_pkg/weather_pkg.egg-info to /ros2_wshesh/install/weather_pkg/lib/python3.12/site-packages/weather_pkg-0.0.0-py3.12.egg-info
[1.006s] running install_scripts
[1.103s] Installing humidity script to /ros2_wshesh/install/weather_pkg/lib/weather_pkg
[1.103s] Installing monitor script to /ros2_wshesh/install/weather_pkg/lib/weather_pkg
[1.103s] Installing pressure script to /ros2_wshesh/install/weather_pkg/lib/weather_pkg
[1.103s] Installing temperature script to /ros2_wshesh/install/weather_pkg/lib/weather_pkg
[1.103s] writing list of installed files to '/ros2_wshesh/build/weather_pkg/install.log'
[1.127s] Invoked command in '/ros2_wshesh/src/weather_pkg' returned '0': PYTHONPATH=/ros2_wshesh/build/weather_pkg/prefix_override:/usr/lib/python3/dist-packages/colcon_core/task/python/colcon_distutils_commands:/ros2_wshesh/install/weather_pkg/lib/python3.12/site-packages:${PYTHONPATH} /usr/bin/python3 -W ignore:setup.py install is deprecated -W ignore:easy_install command is deprecated setup.py egg_info --egg-base ../../build/weather_pkg build --build-base /ros2_wshesh/build/weather_pkg/build install --record /ros2_wshesh/build/weather_pkg/install.log --single-version-externally-managed install_data
