[0.651s] Invoking command in '/ros2_wshesh/src/pkg_py': PYTHONPATH=/ros2_wshesh/build/pkg_py/prefix_override:/usr/lib/python3/dist-packages/colcon_core/task/python/colcon_distutils_commands:/ros2_wshesh/install/pkg_py/lib/python3.12/site-packages: /usr/bin/python3 -W ignore:setup.py install is deprecated -W ignore:easy_install command is deprecated setup.py egg_info --egg-base ../../build/pkg_py build --build-base /ros2_wshesh/build/pkg_py/build install --record /ros2_wshesh/build/pkg_py/install.log --single-version-externally-managed install_data
[0.777s] running egg_info
[0.782s] writing ../../build/pkg_py/pkg_py.egg-info/PKG-INFO
[0.783s] writing dependency_links to ../../build/pkg_py/pkg_py.egg-info/dependency_links.txt
[0.783s] writing entry points to ../../build/pkg_py/pkg_py.egg-info/entry_points.txt
[0.783s] writing requirements to ../../build/pkg_py/pkg_py.egg-info/requires.txt
[0.783s] writing top-level names to ../../build/pkg_py/pkg_py.egg-info/top_level.txt
[0.794s] reading manifest file '../../build/pkg_py/pkg_py.egg-info/SOURCES.txt'
[0.795s] writing manifest file '../../build/pkg_py/pkg_py.egg-info/SOURCES.txt'
[0.795s] running build
[0.795s] running build_py
[0.795s] running install
[0.799s] running install_lib
[0.805s] running install_data
[0.805s] running install_egg_info
[0.812s] removing '/ros2_wshesh/install/pkg_py/lib/python3.12/site-packages/pkg_py-0.0.0-py3.12.egg-info' (and everything under it)
[0.812s] Copying ../../build/pkg_py/pkg_py.egg-info to /ros2_wshesh/install/pkg_py/lib/python3.12/site-packages/pkg_py-0.0.0-py3.12.egg-info
[0.813s] running install_scripts
[0.863s] Installing timer script to /ros2_wshesh/install/pkg_py/lib/pkg_py
[0.863s] writing list of installed files to '/ros2_wshesh/build/pkg_py/install.log'
[0.894s] Invoked command in '/ros2_wshesh/src/pkg_py' returned '0': PYTHONPATH=/ros2_wshesh/build/pkg_py/prefix_override:/usr/lib/python3/dist-packages/colcon_core/task/python/colcon_distutils_commands:/ros2_wshesh/install/pkg_py/lib/python3.12/site-packages: /usr/bin/python3 -W ignore:setup.py install is deprecated -W ignore:easy_install command is deprecated setup.py egg_info --egg-base ../../build/pkg_py build --build-base /ros2_wshesh/build/pkg_py/build install --record /ros2_wshesh/build/pkg_py/install.log --single-version-externally-managed install_data
