[0.827s] Invoking command in '/ros2_wshesh/src/turtle_pkg': PYTHONPATH=/ros2_wshesh/build/turtle_pkg/prefix_override:/usr/lib/python3/dist-packages/colcon_core/task/python/colcon_distutils_commands:/ros2_wshesh/install/turtle_pkg/lib/python3.12/site-packages:${PYTHONPATH} /usr/bin/python3 -W ignore:setup.py install is deprecated -W ignore:easy_install command is deprecated setup.py egg_info --egg-base ../../build/turtle_pkg build --build-base /ros2_wshesh/build/turtle_pkg/build install --record /ros2_wshesh/build/turtle_pkg/install.log --single-version-externally-managed install_data
[0.996s] running egg_info
[1.006s] writing ../../build/turtle_pkg/turtle_pkg.egg-info/PKG-INFO
[1.006s] writing dependency_links to ../../build/turtle_pkg/turtle_pkg.egg-info/dependency_links.txt
[1.006s] writing entry points to ../../build/turtle_pkg/turtle_pkg.egg-info/entry_points.txt
[1.006s] writing requirements to ../../build/turtle_pkg/turtle_pkg.egg-info/requires.txt
[1.007s] writing top-level names to ../../build/turtle_pkg/turtle_pkg.egg-info/top_level.txt
[1.028s] reading manifest file '../../build/turtle_pkg/turtle_pkg.egg-info/SOURCES.txt'
[1.028s] writing manifest file '../../build/turtle_pkg/turtle_pkg.egg-info/SOURCES.txt'
[1.028s] running build
[1.028s] running build_py
[1.029s] running install
[1.033s] running install_lib
[1.044s] byte-compiling /ros2_wshesh/install/turtle_pkg/lib/python3.12/site-packages/turtle_pkg/ControlsPublisher.py to ControlsPublisher.cpython-312.pyc
[1.045s]   File "/ros2_wshesh/install/turtle_pkg/lib/python3.12/site-packages/turtle_pkg/ControlsPublisher.py", line 34
[1.045s]     elif(key is in ['w','a','s','d','\x1b[A','\x1b[B','\x1b[C','\x1b[D']):
[1.045s]                 ^^
[1.045s] SyntaxError: invalid syntax
[1.045s] 
[1.045s] running install_data
[1.045s] running install_egg_info
[1.056s] removing '/ros2_wshesh/install/turtle_pkg/lib/python3.12/site-packages/turtle_pkg-0.0.0-py3.12.egg-info' (and everything under it)
[1.056s] Copying ../../build/turtle_pkg/turtle_pkg.egg-info to /ros2_wshesh/install/turtle_pkg/lib/python3.12/site-packages/turtle_pkg-0.0.0-py3.12.egg-info
[1.057s] running install_scripts
[1.136s] Installing controls_publisher script to /ros2_wshesh/install/turtle_pkg/lib/turtle_pkg
[1.136s] Installing turtle_controller script to /ros2_wshesh/install/turtle_pkg/lib/turtle_pkg
[1.136s] writing list of installed files to '/ros2_wshesh/build/turtle_pkg/install.log'
[1.163s] Invoked command in '/ros2_wshesh/src/turtle_pkg' returned '0': PYTHONPATH=/ros2_wshesh/build/turtle_pkg/prefix_override:/usr/lib/python3/dist-packages/colcon_core/task/python/colcon_distutils_commands:/ros2_wshesh/install/turtle_pkg/lib/python3.12/site-packages:${PYTHONPATH} /usr/bin/python3 -W ignore:setup.py install is deprecated -W ignore:easy_install command is deprecated setup.py egg_info --egg-base ../../build/turtle_pkg build --build-base /ros2_wshesh/build/turtle_pkg/build install --record /ros2_wshesh/build/turtle_pkg/install.log --single-version-externally-managed install_data
