[1.048s] Invoking command in '/ros2_wshesh/src/pkg_py': PYTHONPATH=/ros2_wshesh/src/build/pkg_py/prefix_override:/usr/lib/python3/dist-packages/colcon_core/task/python/colcon_distutils_commands:/ros2_wshesh/src/install/pkg_py/lib/python3.12/site-packages:${PYTHONPATH} /usr/bin/python3 -W ignore:setup.py install is deprecated -W ignore:easy_install command is deprecated setup.py egg_info --egg-base ../build/pkg_py build --build-base /ros2_wshesh/src/build/pkg_py/build install --record /ros2_wshesh/src/build/pkg_py/install.log --single-version-externally-managed install_data
[1.220s] running egg_info
[1.221s] creating ../build/pkg_py/pkg_py.egg-info
[1.230s] writing ../build/pkg_py/pkg_py.egg-info/PKG-INFO
[1.230s] writing dependency_links to ../build/pkg_py/pkg_py.egg-info/dependency_links.txt
[1.231s] writing entry points to ../build/pkg_py/pkg_py.egg-info/entry_points.txt
[1.231s] writing requirements to ../build/pkg_py/pkg_py.egg-info/requires.txt
[1.231s] writing top-level names to ../build/pkg_py/pkg_py.egg-info/top_level.txt
[1.231s] writing manifest file '../build/pkg_py/pkg_py.egg-info/SOURCES.txt'
[1.252s] reading manifest file '../build/pkg_py/pkg_py.egg-info/SOURCES.txt'
[1.252s] writing manifest file '../build/pkg_py/pkg_py.egg-info/SOURCES.txt'
[1.252s] running build
[1.253s] running build_py
[1.253s] creating /ros2_wshesh/src/build/pkg_py/build
[1.253s] creating /ros2_wshesh/src/build/pkg_py/build/lib
[1.253s] creating /ros2_wshesh/src/build/pkg_py/build/lib/pkg_py
[1.253s] copying pkg_py/timer_node.py -> /ros2_wshesh/src/build/pkg_py/build/lib/pkg_py
[1.260s] copying pkg_py/__init__.py -> /ros2_wshesh/src/build/pkg_py/build/lib/pkg_py
[1.260s] running install
[1.264s] running install_lib
[1.275s] creating /ros2_wshesh/src/install/pkg_py/lib/python3.12/site-packages/pkg_py
[1.275s] copying /ros2_wshesh/src/build/pkg_py/build/lib/pkg_py/timer_node.py -> /ros2_wshesh/src/install/pkg_py/lib/python3.12/site-packages/pkg_py
[1.275s] copying /ros2_wshesh/src/build/pkg_py/build/lib/pkg_py/__init__.py -> /ros2_wshesh/src/install/pkg_py/lib/python3.12/site-packages/pkg_py
[1.276s] byte-compiling /ros2_wshesh/src/install/pkg_py/lib/python3.12/site-packages/pkg_py/timer_node.py to timer_node.cpython-312.pyc
[1.277s] byte-compiling /ros2_wshesh/src/install/pkg_py/lib/python3.12/site-packages/pkg_py/__init__.py to __init__.cpython-312.pyc
[1.277s] running install_data
[1.277s] creating /ros2_wshesh/src/install/pkg_py/share/ament_index
[1.277s] creating /ros2_wshesh/src/install/pkg_py/share/ament_index/resource_index
[1.277s] creating /ros2_wshesh/src/install/pkg_py/share/ament_index/resource_index/packages
[1.277s] copying resource/pkg_py -> /ros2_wshesh/src/install/pkg_py/share/ament_index/resource_index/packages
[1.277s] copying package.xml -> /ros2_wshesh/src/install/pkg_py/share/pkg_py
[1.278s] running install_egg_info
[1.289s] Copying ../build/pkg_py/pkg_py.egg-info to /ros2_wshesh/src/install/pkg_py/lib/python3.12/site-packages/pkg_py-0.0.0-py3.12.egg-info
[1.290s] running install_scripts
[1.367s] Installing timer script to /ros2_wshesh/src/install/pkg_py/lib/pkg_py
[1.368s] writing list of installed files to '/ros2_wshesh/src/build/pkg_py/install.log'
[1.403s] Invoked command in '/ros2_wshesh/src/pkg_py' returned '0': PYTHONPATH=/ros2_wshesh/src/build/pkg_py/prefix_override:/usr/lib/python3/dist-packages/colcon_core/task/python/colcon_distutils_commands:/ros2_wshesh/src/install/pkg_py/lib/python3.12/site-packages:${PYTHONPATH} /usr/bin/python3 -W ignore:setup.py install is deprecated -W ignore:easy_install command is deprecated setup.py egg_info --egg-base ../build/pkg_py build --build-base /ros2_wshesh/src/build/pkg_py/build install --record /ros2_wshesh/src/build/pkg_py/install.log --single-version-externally-managed install_data
