running egg_info
creating ../../build/turtle_pkg/turtle_pkg.egg-info
writing ../../build/turtle_pkg/turtle_pkg.egg-info/PKG-INFO
writing dependency_links to ../../build/turtle_pkg/turtle_pkg.egg-info/dependency_links.txt
writing requirements to ../../build/turtle_pkg/turtle_pkg.egg-info/requires.txt
writing top-level names to ../../build/turtle_pkg/turtle_pkg.egg-info/top_level.txt
writing manifest file '../../build/turtle_pkg/turtle_pkg.egg-info/SOURCES.txt'
reading manifest file '../../build/turtle_pkg/turtle_pkg.egg-info/SOURCES.txt'
writing manifest file '../../build/turtle_pkg/turtle_pkg.egg-info/SOURCES.txt'
running build
running build_py
creating /ros2_wshesh/build/turtle_pkg/build
creating /ros2_wshesh/build/turtle_pkg/build/lib
creating /ros2_wshesh/build/turtle_pkg/build/lib/turtle_pkg
copying turtle_pkg/__init__.py -> /ros2_wshesh/build/turtle_pkg/build/lib/turtle_pkg
running install
running install_lib
creating /ros2_wshesh/install/turtle_pkg/lib/python3.12/site-packages/turtle_pkg
copying /ros2_wshesh/build/turtle_pkg/build/lib/turtle_pkg/__init__.py -> /ros2_wshesh/install/turtle_pkg/lib/python3.12/site-packages/turtle_pkg
byte-compiling /ros2_wshesh/install/turtle_pkg/lib/python3.12/site-packages/turtle_pkg/__init__.py to __init__.cpython-312.pyc
running install_data
creating /ros2_wshesh/install/turtle_pkg/share/ament_index
creating /ros2_wshesh/install/turtle_pkg/share/ament_index/resource_index
creating /ros2_wshesh/install/turtle_pkg/share/ament_index/resource_index/packages
copying resource/turtle_pkg -> /ros2_wshesh/install/turtle_pkg/share/ament_index/resource_index/packages
copying package.xml -> /ros2_wshesh/install/turtle_pkg/share/turtle_pkg
running install_egg_info
Copying ../../build/turtle_pkg/turtle_pkg.egg-info to /ros2_wshesh/install/turtle_pkg/lib/python3.12/site-packages/turtle_pkg-0.0.0-py3.12.egg-info
running install_scripts
writing list of installed files to '/ros2_wshesh/build/turtle_pkg/install.log'
