[1.045s] Invoking command in '/ros2_wshesh/src/turtle_chase_pkg': PYTHONPATH=/ros2_wshesh/src/build/turtle_chase_pkg/prefix_override:/usr/lib/python3/dist-packages/colcon_core/task/python/colcon_distutils_commands:/ros2_wshesh/src/install/turtle_chase_pkg/lib/python3.12/site-packages:${PYTHONPATH} /usr/bin/python3 -W ignore:setup.py install is deprecated -W ignore:easy_install command is deprecated setup.py egg_info --egg-base ../build/turtle_chase_pkg build --build-base /ros2_wshesh/src/build/turtle_chase_pkg/build install --record /ros2_wshesh/src/build/turtle_chase_pkg/install.log --single-version-externally-managed install_data
[1.211s] running egg_info
[1.211s] creating ../build/turtle_chase_pkg/turtle_chase_pkg.egg-info
[1.221s] writing ../build/turtle_chase_pkg/turtle_chase_pkg.egg-info/PKG-INFO
[1.221s] writing dependency_links to ../build/turtle_chase_pkg/turtle_chase_pkg.egg-info/dependency_links.txt
[1.222s] writing requirements to ../build/turtle_chase_pkg/turtle_chase_pkg.egg-info/requires.txt
[1.222s] writing top-level names to ../build/turtle_chase_pkg/turtle_chase_pkg.egg-info/top_level.txt
[1.222s] writing manifest file '../build/turtle_chase_pkg/turtle_chase_pkg.egg-info/SOURCES.txt'
[1.243s] reading manifest file '../build/turtle_chase_pkg/turtle_chase_pkg.egg-info/SOURCES.txt'
[1.243s] writing manifest file '../build/turtle_chase_pkg/turtle_chase_pkg.egg-info/SOURCES.txt'
[1.243s] running build
[1.243s] running build_py
[1.243s] creating /ros2_wshesh/src/build/turtle_chase_pkg/build
[1.244s] creating /ros2_wshesh/src/build/turtle_chase_pkg/build/lib
[1.244s] creating /ros2_wshesh/src/build/turtle_chase_pkg/build/lib/turtle_chase_pkg
[1.244s] copying turtle_chase_pkg/turtle_chase.py -> /ros2_wshesh/src/build/turtle_chase_pkg/build/lib/turtle_chase_pkg
[1.244s] copying turtle_chase_pkg/__init__.py -> /ros2_wshesh/src/build/turtle_chase_pkg/build/lib/turtle_chase_pkg
[1.244s] running install
[1.248s] running install_lib
[1.259s] creating /ros2_wshesh/src/install/turtle_chase_pkg/lib/python3.12/site-packages/turtle_chase_pkg
[1.259s] copying /ros2_wshesh/src/build/turtle_chase_pkg/build/lib/turtle_chase_pkg/turtle_chase.py -> /ros2_wshesh/src/install/turtle_chase_pkg/lib/python3.12/site-packages/turtle_chase_pkg
[1.259s] copying /ros2_wshesh/src/build/turtle_chase_pkg/build/lib/turtle_chase_pkg/__init__.py -> /ros2_wshesh/src/install/turtle_chase_pkg/lib/python3.12/site-packages/turtle_chase_pkg
[1.259s] byte-compiling /ros2_wshesh/src/install/turtle_chase_pkg/lib/python3.12/site-packages/turtle_chase_pkg/turtle_chase.py to turtle_chase.cpython-312.pyc
[1.260s] byte-compiling /ros2_wshesh/src/install/turtle_chase_pkg/lib/python3.12/site-packages/turtle_chase_pkg/__init__.py to __init__.cpython-312.pyc
[1.260s] running install_data
[1.260s] creating /ros2_wshesh/src/install/turtle_chase_pkg/share/ament_index
[1.260s] creating /ros2_wshesh/src/install/turtle_chase_pkg/share/ament_index/resource_index
[1.260s] creating /ros2_wshesh/src/install/turtle_chase_pkg/share/ament_index/resource_index/packages
[1.260s] copying resource/turtle_chase_pkg -> /ros2_wshesh/src/install/turtle_chase_pkg/share/ament_index/resource_index/packages
[1.260s] copying package.xml -> /ros2_wshesh/src/install/turtle_chase_pkg/share/turtle_chase_pkg
[1.261s] running install_egg_info
[1.272s] Copying ../build/turtle_chase_pkg/turtle_chase_pkg.egg-info to /ros2_wshesh/src/install/turtle_chase_pkg/lib/python3.12/site-packages/turtle_chase_pkg-0.0.0-py3.12.egg-info
[1.273s] running install_scripts
[1.350s] writing list of installed files to '/ros2_wshesh/src/build/turtle_chase_pkg/install.log'
[1.373s] Invoked command in '/ros2_wshesh/src/turtle_chase_pkg' returned '0': PYTHONPATH=/ros2_wshesh/src/build/turtle_chase_pkg/prefix_override:/usr/lib/python3/dist-packages/colcon_core/task/python/colcon_distutils_commands:/ros2_wshesh/src/install/turtle_chase_pkg/lib/python3.12/site-packages:${PYTHONPATH} /usr/bin/python3 -W ignore:setup.py install is deprecated -W ignore:easy_install command is deprecated setup.py egg_info --egg-base ../build/turtle_chase_pkg build --build-base /ros2_wshesh/src/build/turtle_chase_pkg/build install --record /ros2_wshesh/src/build/turtle_chase_pkg/install.log --single-version-externally-managed install_data
