[1.037s] Invoking command in '/ros2_wshesh/src/turtle_pkg': PYTHONPATH=/ros2_wshesh/src/build/turtle_pkg/prefix_override:/usr/lib/python3/dist-packages/colcon_core/task/python/colcon_distutils_commands:/ros2_wshesh/src/install/turtle_pkg/lib/python3.12/site-packages:${PYTHONPATH} /usr/bin/python3 -W ignore:setup.py install is deprecated -W ignore:easy_install command is deprecated setup.py egg_info --egg-base ../build/turtle_pkg build --build-base /ros2_wshesh/src/build/turtle_pkg/build install --record /ros2_wshesh/src/build/turtle_pkg/install.log --single-version-externally-managed install_data
[1.208s] running egg_info
[1.208s] creating ../build/turtle_pkg/turtle_pkg.egg-info
[1.218s] writing ../build/turtle_pkg/turtle_pkg.egg-info/PKG-INFO
[1.219s] writing dependency_links to ../build/turtle_pkg/turtle_pkg.egg-info/dependency_links.txt
[1.219s] writing entry points to ../build/turtle_pkg/turtle_pkg.egg-info/entry_points.txt
[1.219s] writing requirements to ../build/turtle_pkg/turtle_pkg.egg-info/requires.txt
[1.219s] writing top-level names to ../build/turtle_pkg/turtle_pkg.egg-info/top_level.txt
[1.219s] writing manifest file '../build/turtle_pkg/turtle_pkg.egg-info/SOURCES.txt'
[1.241s] reading manifest file '../build/turtle_pkg/turtle_pkg.egg-info/SOURCES.txt'
[1.241s] writing manifest file '../build/turtle_pkg/turtle_pkg.egg-info/SOURCES.txt'
[1.241s] running build
[1.241s] running build_py
[1.241s] creating /ros2_wshesh/src/build/turtle_pkg/build
[1.241s] creating /ros2_wshesh/src/build/turtle_pkg/build/lib
[1.241s] creating /ros2_wshesh/src/build/turtle_pkg/build/lib/turtle_pkg
[1.241s] copying turtle_pkg/TurtleController.py -> /ros2_wshesh/src/build/turtle_pkg/build/lib/turtle_pkg
[1.241s] copying turtle_pkg/ControlsPublisher.py -> /ros2_wshesh/src/build/turtle_pkg/build/lib/turtle_pkg
[1.241s] copying turtle_pkg/__init__.py -> /ros2_wshesh/src/build/turtle_pkg/build/lib/turtle_pkg
[1.241s] running install
[1.246s] running install_lib
[1.257s] creating /ros2_wshesh/src/install/turtle_pkg/lib/python3.12/site-packages/turtle_pkg
[1.257s] copying /ros2_wshesh/src/build/turtle_pkg/build/lib/turtle_pkg/TurtleController.py -> /ros2_wshesh/src/install/turtle_pkg/lib/python3.12/site-packages/turtle_pkg
[1.257s] copying /ros2_wshesh/src/build/turtle_pkg/build/lib/turtle_pkg/ControlsPublisher.py -> /ros2_wshesh/src/install/turtle_pkg/lib/python3.12/site-packages/turtle_pkg
[1.257s] copying /ros2_wshesh/src/build/turtle_pkg/build/lib/turtle_pkg/__init__.py -> /ros2_wshesh/src/install/turtle_pkg/lib/python3.12/site-packages/turtle_pkg
[1.257s] byte-compiling /ros2_wshesh/src/install/turtle_pkg/lib/python3.12/site-packages/turtle_pkg/TurtleController.py to TurtleController.cpython-312.pyc
[1.258s] byte-compiling /ros2_wshesh/src/install/turtle_pkg/lib/python3.12/site-packages/turtle_pkg/ControlsPublisher.py to ControlsPublisher.cpython-312.pyc
[1.258s] byte-compiling /ros2_wshesh/src/install/turtle_pkg/lib/python3.12/site-packages/turtle_pkg/__init__.py to __init__.cpython-312.pyc
[1.258s] running install_data
[1.258s] creating /ros2_wshesh/src/install/turtle_pkg/share/ament_index
[1.259s] creating /ros2_wshesh/src/install/turtle_pkg/share/ament_index/resource_index
[1.259s] creating /ros2_wshesh/src/install/turtle_pkg/share/ament_index/resource_index/packages
[1.259s] copying resource/turtle_pkg -> /ros2_wshesh/src/install/turtle_pkg/share/ament_index/resource_index/packages
[1.259s] copying package.xml -> /ros2_wshesh/src/install/turtle_pkg/share/turtle_pkg
[1.259s] running install_egg_info
[1.271s] Copying ../build/turtle_pkg/turtle_pkg.egg-info to /ros2_wshesh/src/install/turtle_pkg/lib/python3.12/site-packages/turtle_pkg-0.0.0-py3.12.egg-info
[1.271s] running install_scripts
[1.350s] Installing controls_publisher script to /ros2_wshesh/src/install/turtle_pkg/lib/turtle_pkg
[1.350s] Installing turtle_controller script to /ros2_wshesh/src/install/turtle_pkg/lib/turtle_pkg
[1.350s] writing list of installed files to '/ros2_wshesh/src/build/turtle_pkg/install.log'
[1.394s] Invoked command in '/ros2_wshesh/src/turtle_pkg' returned '0': PYTHONPATH=/ros2_wshesh/src/build/turtle_pkg/prefix_override:/usr/lib/python3/dist-packages/colcon_core/task/python/colcon_distutils_commands:/ros2_wshesh/src/install/turtle_pkg/lib/python3.12/site-packages:${PYTHONPATH} /usr/bin/python3 -W ignore:setup.py install is deprecated -W ignore:easy_install command is deprecated setup.py egg_info --egg-base ../build/turtle_pkg build --build-base /ros2_wshesh/src/build/turtle_pkg/build install --record /ros2_wshesh/src/build/turtle_pkg/install.log --single-version-externally-managed install_data
