running egg_info
creating ../build/weather_pkg/weather_pkg.egg-info
writing ../build/weather_pkg/weather_pkg.egg-info/PKG-INFO
writing dependency_links to ../build/weather_pkg/weather_pkg.egg-info/dependency_links.txt
writing entry points to ../build/weather_pkg/weather_pkg.egg-info/entry_points.txt
writing requirements to ../build/weather_pkg/weather_pkg.egg-info/requires.txt
writing top-level names to ../build/weather_pkg/weather_pkg.egg-info/top_level.txt
writing manifest file '../build/weather_pkg/weather_pkg.egg-info/SOURCES.txt'
reading manifest file '../build/weather_pkg/weather_pkg.egg-info/SOURCES.txt'
writing manifest file '../build/weather_pkg/weather_pkg.egg-info/SOURCES.txt'
running build
running build_py
creating /ros2_wshesh/src/build/weather_pkg/build
creating /ros2_wshesh/src/build/weather_pkg/build/lib
creating /ros2_wshesh/src/build/weather_pkg/build/lib/weather_pkg
copying weather_pkg/humidity_node.py -> /ros2_wshesh/src/build/weather_pkg/build/lib/weather_pkg
copying weather_pkg/monitor_node.py -> /ros2_wshesh/src/build/weather_pkg/build/lib/weather_pkg
copying weather_pkg/pressure_node.py -> /ros2_wshesh/src/build/weather_pkg/build/lib/weather_pkg
copying weather_pkg/temperature_node.py -> /ros2_wshesh/src/build/weather_pkg/build/lib/weather_pkg
copying weather_pkg/__init__.py -> /ros2_wshesh/src/build/weather_pkg/build/lib/weather_pkg
running install
running install_lib
creating /ros2_wshesh/src/install/weather_pkg/lib/python3.12/site-packages/weather_pkg
copying /ros2_wshesh/src/build/weather_pkg/build/lib/weather_pkg/humidity_node.py -> /ros2_wshesh/src/install/weather_pkg/lib/python3.12/site-packages/weather_pkg
copying /ros2_wshesh/src/build/weather_pkg/build/lib/weather_pkg/monitor_node.py -> /ros2_wshesh/src/install/weather_pkg/lib/python3.12/site-packages/weather_pkg
copying /ros2_wshesh/src/build/weather_pkg/build/lib/weather_pkg/pressure_node.py -> /ros2_wshesh/src/install/weather_pkg/lib/python3.12/site-packages/weather_pkg
copying /ros2_wshesh/src/build/weather_pkg/build/lib/weather_pkg/temperature_node.py -> /ros2_wshesh/src/install/weather_pkg/lib/python3.12/site-packages/weather_pkg
copying /ros2_wshesh/src/build/weather_pkg/build/lib/weather_pkg/__init__.py -> /ros2_wshesh/src/install/weather_pkg/lib/python3.12/site-packages/weather_pkg
byte-compiling /ros2_wshesh/src/install/weather_pkg/lib/python3.12/site-packages/weather_pkg/humidity_node.py to humidity_node.cpython-312.pyc
byte-compiling /ros2_wshesh/src/install/weather_pkg/lib/python3.12/site-packages/weather_pkg/monitor_node.py to monitor_node.cpython-312.pyc
byte-compiling /ros2_wshesh/src/install/weather_pkg/lib/python3.12/site-packages/weather_pkg/pressure_node.py to pressure_node.cpython-312.pyc
byte-compiling /ros2_wshesh/src/install/weather_pkg/lib/python3.12/site-packages/weather_pkg/temperature_node.py to temperature_node.cpython-312.pyc
byte-compiling /ros2_wshesh/src/install/weather_pkg/lib/python3.12/site-packages/weather_pkg/__init__.py to __init__.cpython-312.pyc
running install_data
creating /ros2_wshesh/src/install/weather_pkg/share/ament_index
creating /ros2_wshesh/src/install/weather_pkg/share/ament_index/resource_index
creating /ros2_wshesh/src/install/weather_pkg/share/ament_index/resource_index/packages
copying resource/weather_pkg -> /ros2_wshesh/src/install/weather_pkg/share/ament_index/resource_index/packages
copying package.xml -> /ros2_wshesh/src/install/weather_pkg/share/weather_pkg
running install_egg_info
Copying ../build/weather_pkg/weather_pkg.egg-info to /ros2_wshesh/src/install/weather_pkg/lib/python3.12/site-packages/weather_pkg-0.0.0-py3.12.egg-info
running install_scripts
Installing humidity script to /ros2_wshesh/src/install/weather_pkg/lib/weather_pkg
Installing monitor script to /ros2_wshesh/src/install/weather_pkg/lib/weather_pkg
Installing pressure script to /ros2_wshesh/src/install/weather_pkg/lib/weather_pkg
Installing temperature script to /ros2_wshesh/src/install/weather_pkg/lib/weather_pkg
writing list of installed files to '/ros2_wshesh/src/build/weather_pkg/install.log'
