[1.033s] Invoking command in '/ros2_wshesh/src/weather_pkg': PYTHONPATH=/ros2_wshesh/src/build/weather_pkg/prefix_override:/usr/lib/python3/dist-packages/colcon_core/task/python/colcon_distutils_commands:/ros2_wshesh/src/install/weather_pkg/lib/python3.12/site-packages:${PYTHONPATH} /usr/bin/python3 -W ignore:setup.py install is deprecated -W ignore:easy_install command is deprecated setup.py egg_info --egg-base ../build/weather_pkg build --build-base /ros2_wshesh/src/build/weather_pkg/build install --record /ros2_wshesh/src/build/weather_pkg/install.log --single-version-externally-managed install_data
[1.201s] running egg_info
[1.202s] creating ../build/weather_pkg/weather_pkg.egg-info
[1.212s] writing ../build/weather_pkg/weather_pkg.egg-info/PKG-INFO
[1.212s] writing dependency_links to ../build/weather_pkg/weather_pkg.egg-info/dependency_links.txt
[1.213s] writing entry points to ../build/weather_pkg/weather_pkg.egg-info/entry_points.txt
[1.213s] writing requirements to ../build/weather_pkg/weather_pkg.egg-info/requires.txt
[1.213s] writing top-level names to ../build/weather_pkg/weather_pkg.egg-info/top_level.txt
[1.213s] writing manifest file '../build/weather_pkg/weather_pkg.egg-info/SOURCES.txt'
[1.236s] reading manifest file '../build/weather_pkg/weather_pkg.egg-info/SOURCES.txt'
[1.237s] writing manifest file '../build/weather_pkg/weather_pkg.egg-info/SOURCES.txt'
[1.237s] running build
[1.237s] running build_py
[1.237s] creating /ros2_wshesh/src/build/weather_pkg/build
[1.237s] creating /ros2_wshesh/src/build/weather_pkg/build/lib
[1.237s] creating /ros2_wshesh/src/build/weather_pkg/build/lib/weather_pkg
[1.237s] copying weather_pkg/humidity_node.py -> /ros2_wshesh/src/build/weather_pkg/build/lib/weather_pkg
[1.241s] copying weather_pkg/monitor_node.py -> /ros2_wshesh/src/build/weather_pkg/build/lib/weather_pkg
[1.242s] copying weather_pkg/pressure_node.py -> /ros2_wshesh/src/build/weather_pkg/build/lib/weather_pkg
[1.242s] copying weather_pkg/temperature_node.py -> /ros2_wshesh/src/build/weather_pkg/build/lib/weather_pkg
[1.242s] copying weather_pkg/__init__.py -> /ros2_wshesh/src/build/weather_pkg/build/lib/weather_pkg
[1.243s] running install
[1.247s] running install_lib
[1.257s] creating /ros2_wshesh/src/install/weather_pkg/lib/python3.12/site-packages/weather_pkg
[1.257s] copying /ros2_wshesh/src/build/weather_pkg/build/lib/weather_pkg/humidity_node.py -> /ros2_wshesh/src/install/weather_pkg/lib/python3.12/site-packages/weather_pkg
[1.257s] copying /ros2_wshesh/src/build/weather_pkg/build/lib/weather_pkg/monitor_node.py -> /ros2_wshesh/src/install/weather_pkg/lib/python3.12/site-packages/weather_pkg
[1.258s] copying /ros2_wshesh/src/build/weather_pkg/build/lib/weather_pkg/pressure_node.py -> /ros2_wshesh/src/install/weather_pkg/lib/python3.12/site-packages/weather_pkg
[1.258s] copying /ros2_wshesh/src/build/weather_pkg/build/lib/weather_pkg/temperature_node.py -> /ros2_wshesh/src/install/weather_pkg/lib/python3.12/site-packages/weather_pkg
[1.258s] copying /ros2_wshesh/src/build/weather_pkg/build/lib/weather_pkg/__init__.py -> /ros2_wshesh/src/install/weather_pkg/lib/python3.12/site-packages/weather_pkg
[1.259s] byte-compiling /ros2_wshesh/src/install/weather_pkg/lib/python3.12/site-packages/weather_pkg/humidity_node.py to humidity_node.cpython-312.pyc
[1.259s] byte-compiling /ros2_wshesh/src/install/weather_pkg/lib/python3.12/site-packages/weather_pkg/monitor_node.py to monitor_node.cpython-312.pyc
[1.260s] byte-compiling /ros2_wshesh/src/install/weather_pkg/lib/python3.12/site-packages/weather_pkg/pressure_node.py to pressure_node.cpython-312.pyc
[1.260s] byte-compiling /ros2_wshesh/src/install/weather_pkg/lib/python3.12/site-packages/weather_pkg/temperature_node.py to temperature_node.cpython-312.pyc
[1.260s] byte-compiling /ros2_wshesh/src/install/weather_pkg/lib/python3.12/site-packages/weather_pkg/__init__.py to __init__.cpython-312.pyc
[1.261s] running install_data
[1.261s] creating /ros2_wshesh/src/install/weather_pkg/share/ament_index
[1.261s] creating /ros2_wshesh/src/install/weather_pkg/share/ament_index/resource_index
[1.261s] creating /ros2_wshesh/src/install/weather_pkg/share/ament_index/resource_index/packages
[1.261s] copying resource/weather_pkg -> /ros2_wshesh/src/install/weather_pkg/share/ament_index/resource_index/packages
[1.261s] copying package.xml -> /ros2_wshesh/src/install/weather_pkg/share/weather_pkg
[1.261s] running install_egg_info
[1.272s] Copying ../build/weather_pkg/weather_pkg.egg-info to /ros2_wshesh/src/install/weather_pkg/lib/python3.12/site-packages/weather_pkg-0.0.0-py3.12.egg-info
[1.273s] running install_scripts
[1.350s] Installing humidity script to /ros2_wshesh/src/install/weather_pkg/lib/weather_pkg
[1.350s] Installing monitor script to /ros2_wshesh/src/install/weather_pkg/lib/weather_pkg
[1.350s] Installing pressure script to /ros2_wshesh/src/install/weather_pkg/lib/weather_pkg
[1.350s] Installing temperature script to /ros2_wshesh/src/install/weather_pkg/lib/weather_pkg
[1.350s] writing list of installed files to '/ros2_wshesh/src/build/weather_pkg/install.log'
[1.395s] Invoked command in '/ros2_wshesh/src/weather_pkg' returned '0': PYTHONPATH=/ros2_wshesh/src/build/weather_pkg/prefix_override:/usr/lib/python3/dist-packages/colcon_core/task/python/colcon_distutils_commands:/ros2_wshesh/src/install/weather_pkg/lib/python3.12/site-packages:${PYTHONPATH} /usr/bin/python3 -W ignore:setup.py install is deprecated -W ignore:easy_install command is deprecated setup.py egg_info --egg-base ../build/weather_pkg build --build-base /ros2_wshesh/src/build/weather_pkg/build install --record /ros2_wshesh/src/build/weather_pkg/install.log --single-version-externally-managed install_data
