[0.146s] DEBUG:colcon:Command line arguments: ['/usr/bin/colcon', 'build']
[0.146s] DEBUG:colcon:Parsed command line arguments: Namespace(log_base=None, log_level=None, verb_name='build', build_base='build', install_base='install', merge_install=False, symlink_install=False, test_result_base=None, continue_on_error=False, executor='parallel', parallel_workers=12, event_handlers=None, ignore_user_meta=False, metas=['./colcon.meta'], base_paths=['.'], packages_ignore=None, packages_ignore_regex=None, paths=None, packages_up_to=None, packages_up_to_regex=None, packages_above=None, packages_above_and_dependencies=None, packages_above_depth=None, packages_select_by_dep=None, packages_skip_by_dep=None, packages_skip_up_to=None, packages_select_build_failed=False, packages_skip_build_finished=False, packages_select_test_failures=False, packages_skip_test_passed=False, packages_select=None, packages_skip=None, packages_select_regex=None, packages_skip_regex=None, packages_start=None, packages_end=None, cmake_args=None, cmake_target=None, cmake_target_skip_unavailable=False, cmake_clean_cache=False, cmake_clean_first=False, cmake_force_configure=False, ament_cmake_args=None, catkin_cmake_args=None, catkin_skip_building_tests=False, mixin_files=None, mixin=None, verb_parser=<colcon_mixin.mixin.mixin_argument.MixinArgumentDecorator object at 0x7fee98d81850>, verb_extension=<colcon_core.verb.build.BuildVerb object at 0x7fee98d814c0>, main=<bound method BuildVerb.main of <colcon_core.verb.build.BuildVerb object at 0x7fee98d814c0>>, mixin_verb=('build',))
[0.197s] Level 1:colcon.colcon_core.package_discovery:discover_packages(colcon_meta) check parameters
[0.198s] INFO:colcon.colcon_metadata.package_discovery.colcon_meta:Using configuration from '/root/.colcon/metadata/default/Gazebo.meta'
[0.198s] INFO:colcon.colcon_metadata.package_discovery.colcon_meta:Using configuration from '/root/.colcon/metadata/default/fastdds.meta'
[0.198s] INFO:colcon.colcon_metadata.package_discovery.colcon_meta:Using configuration from '/root/.colcon/metadata/default/fastrtps.meta'
[0.199s] Level 1:colcon.colcon_core.package_discovery:discover_packages(recursive) check parameters
[0.199s] Level 1:colcon.colcon_core.package_discovery:discover_packages(ignore) check parameters
[0.199s] Level 1:colcon.colcon_core.package_discovery:discover_packages(path) check parameters
[0.199s] Level 1:colcon.colcon_core.package_discovery:discover_packages(colcon_meta) discover
[0.199s] Level 1:colcon.colcon_core.package_discovery:discover_packages(recursive) discover
[0.199s] INFO:colcon.colcon_core.package_discovery:Crawling recursively for packages in '/ros2_wshesh/src'
[0.199s] Level 1:colcon.colcon_core.package_identification:_identify(.) by extensions ['ignore', 'ignore_ament_install']
[0.199s] Level 1:colcon.colcon_core.package_identification:_identify(.) by extension 'ignore'
[0.199s] Level 1:colcon.colcon_core.package_identification:_identify(.) by extension 'ignore_ament_install'
[0.199s] Level 1:colcon.colcon_core.package_identification:_identify(.) by extensions ['colcon_pkg']
[0.199s] Level 1:colcon.colcon_core.package_identification:_identify(.) by extension 'colcon_pkg'
[0.199s] Level 1:colcon.colcon_core.package_identification:_identify(.) by extensions ['colcon_meta']
[0.199s] Level 1:colcon.colcon_core.package_identification:_identify(.) by extension 'colcon_meta'
[0.199s] Level 1:colcon.colcon_core.package_identification:_identify(.) by extensions ['ros']
[0.199s] Level 1:colcon.colcon_core.package_identification:_identify(.) by extension 'ros'
[0.218s] Level 1:colcon.colcon_core.package_identification:_identify(.) by extensions ['cmake', 'python']
[0.218s] Level 1:colcon.colcon_core.package_identification:_identify(.) by extension 'cmake'
[0.218s] Level 1:colcon.colcon_core.package_identification:_identify(.) by extension 'python'
[0.218s] Level 1:colcon.colcon_core.package_identification:_identify(.) by extensions ['python_setup_py']
[0.218s] Level 1:colcon.colcon_core.package_identification:_identify(.) by extension 'python_setup_py'
[0.218s] Level 1:colcon.colcon_core.package_identification:_identify(build) by extensions ['ignore', 'ignore_ament_install']
[0.218s] Level 1:colcon.colcon_core.package_identification:_identify(build) by extension 'ignore'
[0.218s] Level 1:colcon.colcon_core.package_identification:_identify(build) ignored
[0.218s] Level 1:colcon.colcon_core.package_identification:_identify(install) by extensions ['ignore', 'ignore_ament_install']
[0.218s] Level 1:colcon.colcon_core.package_identification:_identify(install) by extension 'ignore'
[0.218s] Level 1:colcon.colcon_core.package_identification:_identify(install) ignored
[0.218s] Level 1:colcon.colcon_core.package_identification:_identify(log) by extensions ['ignore', 'ignore_ament_install']
[0.219s] Level 1:colcon.colcon_core.package_identification:_identify(log) by extension 'ignore'
[0.219s] Level 1:colcon.colcon_core.package_identification:_identify(log) ignored
[0.219s] Level 1:colcon.colcon_core.package_identification:_identify(pkg_py) by extensions ['ignore', 'ignore_ament_install']
[0.219s] Level 1:colcon.colcon_core.package_identification:_identify(pkg_py) by extension 'ignore'
[0.219s] Level 1:colcon.colcon_core.package_identification:_identify(pkg_py) by extension 'ignore_ament_install'
[0.219s] Level 1:colcon.colcon_core.package_identification:_identify(pkg_py) by extensions ['colcon_pkg']
[0.219s] Level 1:colcon.colcon_core.package_identification:_identify(pkg_py) by extension 'colcon_pkg'
[0.219s] Level 1:colcon.colcon_core.package_identification:_identify(pkg_py) by extensions ['colcon_meta']
[0.219s] Level 1:colcon.colcon_core.package_identification:_identify(pkg_py) by extension 'colcon_meta'
[0.219s] Level 1:colcon.colcon_core.package_identification:_identify(pkg_py) by extensions ['ros']
[0.219s] Level 1:colcon.colcon_core.package_identification:_identify(pkg_py) by extension 'ros'
[0.222s] DEBUG:colcon.colcon_core.package_identification:Package 'pkg_py' with type 'ros.ament_python' and name 'pkg_py'
[0.222s] Level 1:colcon.colcon_core.package_identification:_identify(turtle_chase_pkg) by extensions ['ignore', 'ignore_ament_install']
[0.222s] Level 1:colcon.colcon_core.package_identification:_identify(turtle_chase_pkg) by extension 'ignore'
[0.222s] Level 1:colcon.colcon_core.package_identification:_identify(turtle_chase_pkg) by extension 'ignore_ament_install'
[0.222s] Level 1:colcon.colcon_core.package_identification:_identify(turtle_chase_pkg) by extensions ['colcon_pkg']
[0.222s] Level 1:colcon.colcon_core.package_identification:_identify(turtle_chase_pkg) by extension 'colcon_pkg'
[0.222s] Level 1:colcon.colcon_core.package_identification:_identify(turtle_chase_pkg) by extensions ['colcon_meta']
[0.222s] Level 1:colcon.colcon_core.package_identification:_identify(turtle_chase_pkg) by extension 'colcon_meta'
[0.222s] Level 1:colcon.colcon_core.package_identification:_identify(turtle_chase_pkg) by extensions ['ros']
[0.222s] Level 1:colcon.colcon_core.package_identification:_identify(turtle_chase_pkg) by extension 'ros'
[0.223s] DEBUG:colcon.colcon_core.package_identification:Package 'turtle_chase_pkg' with type 'ros.ament_python' and name 'turtle_chase_pkg'
[0.223s] Level 1:colcon.colcon_core.package_identification:_identify(turtle_pkg) by extensions ['ignore', 'ignore_ament_install']
[0.223s] Level 1:colcon.colcon_core.package_identification:_identify(turtle_pkg) by extension 'ignore'
[0.223s] Level 1:colcon.colcon_core.package_identification:_identify(turtle_pkg) by extension 'ignore_ament_install'
[0.223s] Level 1:colcon.colcon_core.package_identification:_identify(turtle_pkg) by extensions ['colcon_pkg']
[0.223s] Level 1:colcon.colcon_core.package_identification:_identify(turtle_pkg) by extension 'colcon_pkg'
[0.223s] Level 1:colcon.colcon_core.package_identification:_identify(turtle_pkg) by extensions ['colcon_meta']
[0.223s] Level 1:colcon.colcon_core.package_identification:_identify(turtle_pkg) by extension 'colcon_meta'
[0.223s] Level 1:colcon.colcon_core.package_identification:_identify(turtle_pkg) by extensions ['ros']
[0.223s] Level 1:colcon.colcon_core.package_identification:_identify(turtle_pkg) by extension 'ros'
[0.224s] DEBUG:colcon.colcon_core.package_identification:Package 'turtle_pkg' with type 'ros.ament_python' and name 'turtle_pkg'
[0.224s] Level 1:colcon.colcon_core.package_identification:_identify(weather_pkg) by extensions ['ignore', 'ignore_ament_install']
[0.224s] Level 1:colcon.colcon_core.package_identification:_identify(weather_pkg) by extension 'ignore'
[0.224s] Level 1:colcon.colcon_core.package_identification:_identify(weather_pkg) by extension 'ignore_ament_install'
[0.224s] Level 1:colcon.colcon_core.package_identification:_identify(weather_pkg) by extensions ['colcon_pkg']
[0.224s] Level 1:colcon.colcon_core.package_identification:_identify(weather_pkg) by extension 'colcon_pkg'
[0.224s] Level 1:colcon.colcon_core.package_identification:_identify(weather_pkg) by extensions ['colcon_meta']
[0.224s] Level 1:colcon.colcon_core.package_identification:_identify(weather_pkg) by extension 'colcon_meta'
[0.224s] Level 1:colcon.colcon_core.package_identification:_identify(weather_pkg) by extensions ['ros']
[0.224s] Level 1:colcon.colcon_core.package_identification:_identify(weather_pkg) by extension 'ros'
[0.225s] DEBUG:colcon.colcon_core.package_identification:Package 'weather_pkg' with type 'ros.ament_python' and name 'weather_pkg'
[0.225s] Level 1:colcon.colcon_core.package_discovery:discover_packages(recursive) using defaults
[0.225s] Level 1:colcon.colcon_core.package_discovery:discover_packages(ignore) discover
[0.225s] Level 1:colcon.colcon_core.package_discovery:discover_packages(ignore) using defaults
[0.225s] Level 1:colcon.colcon_core.package_discovery:discover_packages(path) discover
[0.225s] Level 1:colcon.colcon_core.package_discovery:discover_packages(path) using defaults
[0.246s] Level 5:colcon.colcon_core.verb:set package 'pkg_py' build argument 'cmake_args' from command line to 'None'
[0.246s] Level 5:colcon.colcon_core.verb:set package 'pkg_py' build argument 'cmake_target' from command line to 'None'
[0.246s] Level 5:colcon.colcon_core.verb:set package 'pkg_py' build argument 'cmake_target_skip_unavailable' from command line to 'False'
[0.246s] Level 5:colcon.colcon_core.verb:set package 'pkg_py' build argument 'cmake_clean_cache' from command line to 'False'
[0.246s] Level 5:colcon.colcon_core.verb:set package 'pkg_py' build argument 'cmake_clean_first' from command line to 'False'
[0.246s] Level 5:colcon.colcon_core.verb:set package 'pkg_py' build argument 'cmake_force_configure' from command line to 'False'
[0.246s] Level 5:colcon.colcon_core.verb:set package 'pkg_py' build argument 'ament_cmake_args' from command line to 'None'
[0.246s] Level 5:colcon.colcon_core.verb:set package 'pkg_py' build argument 'catkin_cmake_args' from command line to 'None'
[0.246s] Level 5:colcon.colcon_core.verb:set package 'pkg_py' build argument 'catkin_skip_building_tests' from command line to 'False'
[0.246s] DEBUG:colcon.colcon_core.verb:Building package 'pkg_py' with the following arguments: {'ament_cmake_args': None, 'build_base': '/ros2_wshesh/src/build/pkg_py', 'catkin_cmake_args': None, 'catkin_skip_building_tests': False, 'cmake_args': None, 'cmake_clean_cache': False, 'cmake_clean_first': False, 'cmake_force_configure': False, 'cmake_target': None, 'cmake_target_skip_unavailable': False, 'install_base': '/ros2_wshesh/src/install/pkg_py', 'merge_install': False, 'path': '/ros2_wshesh/src/pkg_py', 'symlink_install': False, 'test_result_base': None}
[0.247s] Level 5:colcon.colcon_core.verb:set package 'turtle_chase_pkg' build argument 'cmake_args' from command line to 'None'
[0.247s] Level 5:colcon.colcon_core.verb:set package 'turtle_chase_pkg' build argument 'cmake_target' from command line to 'None'
[0.247s] Level 5:colcon.colcon_core.verb:set package 'turtle_chase_pkg' build argument 'cmake_target_skip_unavailable' from command line to 'False'
[0.247s] Level 5:colcon.colcon_core.verb:set package 'turtle_chase_pkg' build argument 'cmake_clean_cache' from command line to 'False'
[0.247s] Level 5:colcon.colcon_core.verb:set package 'turtle_chase_pkg' build argument 'cmake_clean_first' from command line to 'False'
[0.247s] Level 5:colcon.colcon_core.verb:set package 'turtle_chase_pkg' build argument 'cmake_force_configure' from command line to 'False'
[0.247s] Level 5:colcon.colcon_core.verb:set package 'turtle_chase_pkg' build argument 'ament_cmake_args' from command line to 'None'
[0.247s] Level 5:colcon.colcon_core.verb:set package 'turtle_chase_pkg' build argument 'catkin_cmake_args' from command line to 'None'
[0.247s] Level 5:colcon.colcon_core.verb:set package 'turtle_chase_pkg' build argument 'catkin_skip_building_tests' from command line to 'False'
[0.247s] DEBUG:colcon.colcon_core.verb:Building package 'turtle_chase_pkg' with the following arguments: {'ament_cmake_args': None, 'build_base': '/ros2_wshesh/src/build/turtle_chase_pkg', 'catkin_cmake_args': None, 'catkin_skip_building_tests': False, 'cmake_args': None, 'cmake_clean_cache': False, 'cmake_clean_first': False, 'cmake_force_configure': False, 'cmake_target': None, 'cmake_target_skip_unavailable': False, 'install_base': '/ros2_wshesh/src/install/turtle_chase_pkg', 'merge_install': False, 'path': '/ros2_wshesh/src/turtle_chase_pkg', 'symlink_install': False, 'test_result_base': None}
[0.247s] Level 5:colcon.colcon_core.verb:set package 'turtle_pkg' build argument 'cmake_args' from command line to 'None'
[0.247s] Level 5:colcon.colcon_core.verb:set package 'turtle_pkg' build argument 'cmake_target' from command line to 'None'
[0.247s] Level 5:colcon.colcon_core.verb:set package 'turtle_pkg' build argument 'cmake_target_skip_unavailable' from command line to 'False'
[0.247s] Level 5:colcon.colcon_core.verb:set package 'turtle_pkg' build argument 'cmake_clean_cache' from command line to 'False'
[0.247s] Level 5:colcon.colcon_core.verb:set package 'turtle_pkg' build argument 'cmake_clean_first' from command line to 'False'
[0.247s] Level 5:colcon.colcon_core.verb:set package 'turtle_pkg' build argument 'cmake_force_configure' from command line to 'False'
[0.247s] Level 5:colcon.colcon_core.verb:set package 'turtle_pkg' build argument 'ament_cmake_args' from command line to 'None'
[0.247s] Level 5:colcon.colcon_core.verb:set package 'turtle_pkg' build argument 'catkin_cmake_args' from command line to 'None'
[0.247s] Level 5:colcon.colcon_core.verb:set package 'turtle_pkg' build argument 'catkin_skip_building_tests' from command line to 'False'
[0.247s] DEBUG:colcon.colcon_core.verb:Building package 'turtle_pkg' with the following arguments: {'ament_cmake_args': None, 'build_base': '/ros2_wshesh/src/build/turtle_pkg', 'catkin_cmake_args': None, 'catkin_skip_building_tests': False, 'cmake_args': None, 'cmake_clean_cache': False, 'cmake_clean_first': False, 'cmake_force_configure': False, 'cmake_target': None, 'cmake_target_skip_unavailable': False, 'install_base': '/ros2_wshesh/src/install/turtle_pkg', 'merge_install': False, 'path': '/ros2_wshesh/src/turtle_pkg', 'symlink_install': False, 'test_result_base': None}
[0.247s] Level 5:colcon.colcon_core.verb:set package 'weather_pkg' build argument 'cmake_args' from command line to 'None'
[0.247s] Level 5:colcon.colcon_core.verb:set package 'weather_pkg' build argument 'cmake_target' from command line to 'None'
[0.247s] Level 5:colcon.colcon_core.verb:set package 'weather_pkg' build argument 'cmake_target_skip_unavailable' from command line to 'False'
[0.248s] Level 5:colcon.colcon_core.verb:set package 'weather_pkg' build argument 'cmake_clean_cache' from command line to 'False'
[0.248s] Level 5:colcon.colcon_core.verb:set package 'weather_pkg' build argument 'cmake_clean_first' from command line to 'False'
[0.248s] Level 5:colcon.colcon_core.verb:set package 'weather_pkg' build argument 'cmake_force_configure' from command line to 'False'
[0.248s] Level 5:colcon.colcon_core.verb:set package 'weather_pkg' build argument 'ament_cmake_args' from command line to 'None'
[0.248s] Level 5:colcon.colcon_core.verb:set package 'weather_pkg' build argument 'catkin_cmake_args' from command line to 'None'
[0.248s] Level 5:colcon.colcon_core.verb:set package 'weather_pkg' build argument 'catkin_skip_building_tests' from command line to 'False'
[0.248s] DEBUG:colcon.colcon_core.verb:Building package 'weather_pkg' with the following arguments: {'ament_cmake_args': None, 'build_base': '/ros2_wshesh/src/build/weather_pkg', 'catkin_cmake_args': None, 'catkin_skip_building_tests': False, 'cmake_args': None, 'cmake_clean_cache': False, 'cmake_clean_first': False, 'cmake_force_configure': False, 'cmake_target': None, 'cmake_target_skip_unavailable': False, 'install_base': '/ros2_wshesh/src/install/weather_pkg', 'merge_install': False, 'path': '/ros2_wshesh/src/weather_pkg', 'symlink_install': False, 'test_result_base': None}
[0.248s] INFO:colcon.colcon_core.executor:Executing jobs using 'parallel' executor
[0.248s] DEBUG:colcon.colcon_parallel_executor.executor.parallel:run_until_complete
[0.249s] INFO:colcon.colcon_ros.task.ament_python.build:Building ROS package in '/ros2_wshesh/src/pkg_py' with build type 'ament_python'
[0.249s] Level 1:colcon.colcon_core.shell:create_environment_hook('pkg_py', 'ament_prefix_path')
[0.253s] INFO:colcon.colcon_core.plugin_system:Skipping extension 'colcon_core.shell.bat': Not used on non-Windows systems
[0.253s] INFO:colcon.colcon_core.shell:Creating environment hook '/ros2_wshesh/src/install/pkg_py/share/pkg_py/hook/ament_prefix_path.ps1'
[0.254s] INFO:colcon.colcon_core.shell:Creating environment descriptor '/ros2_wshesh/src/install/pkg_py/share/pkg_py/hook/ament_prefix_path.dsv'
[0.254s] INFO:colcon.colcon_core.shell:Creating environment hook '/ros2_wshesh/src/install/pkg_py/share/pkg_py/hook/ament_prefix_path.sh'
[0.255s] INFO:colcon.colcon_core.shell:Skip shell extension 'powershell' for command environment: Not usable outside of PowerShell
[0.255s] DEBUG:colcon.colcon_core.shell:Skip shell extension 'dsv' for command environment
[0.260s] INFO:colcon.colcon_ros.task.ament_python.build:Building ROS package in '/ros2_wshesh/src/turtle_chase_pkg' with build type 'ament_python'
[0.260s] Level 1:colcon.colcon_core.shell:create_environment_hook('turtle_chase_pkg', 'ament_prefix_path')
[0.260s] INFO:colcon.colcon_core.shell:Creating environment hook '/ros2_wshesh/src/install/turtle_chase_pkg/share/turtle_chase_pkg/hook/ament_prefix_path.ps1'
[0.260s] INFO:colcon.colcon_core.shell:Creating environment descriptor '/ros2_wshesh/src/install/turtle_chase_pkg/share/turtle_chase_pkg/hook/ament_prefix_path.dsv'
[0.261s] INFO:colcon.colcon_core.shell:Creating environment hook '/ros2_wshesh/src/install/turtle_chase_pkg/share/turtle_chase_pkg/hook/ament_prefix_path.sh'
[0.261s] INFO:colcon.colcon_core.shell:Skip shell extension 'powershell' for command environment: Not usable outside of PowerShell
[0.261s] DEBUG:colcon.colcon_core.shell:Skip shell extension 'dsv' for command environment
[0.264s] INFO:colcon.colcon_ros.task.ament_python.build:Building ROS package in '/ros2_wshesh/src/turtle_pkg' with build type 'ament_python'
[0.264s] Level 1:colcon.colcon_core.shell:create_environment_hook('turtle_pkg', 'ament_prefix_path')
[0.264s] INFO:colcon.colcon_core.shell:Creating environment hook '/ros2_wshesh/src/install/turtle_pkg/share/turtle_pkg/hook/ament_prefix_path.ps1'
[0.265s] INFO:colcon.colcon_core.shell:Creating environment descriptor '/ros2_wshesh/src/install/turtle_pkg/share/turtle_pkg/hook/ament_prefix_path.dsv'
[0.265s] INFO:colcon.colcon_core.shell:Creating environment hook '/ros2_wshesh/src/install/turtle_pkg/share/turtle_pkg/hook/ament_prefix_path.sh'
[0.265s] INFO:colcon.colcon_core.shell:Skip shell extension 'powershell' for command environment: Not usable outside of PowerShell
[0.265s] DEBUG:colcon.colcon_core.shell:Skip shell extension 'dsv' for command environment
[0.267s] INFO:colcon.colcon_ros.task.ament_python.build:Building ROS package in '/ros2_wshesh/src/weather_pkg' with build type 'ament_python'
[0.267s] Level 1:colcon.colcon_core.shell:create_environment_hook('weather_pkg', 'ament_prefix_path')
[0.268s] INFO:colcon.colcon_core.shell:Creating environment hook '/ros2_wshesh/src/install/weather_pkg/share/weather_pkg/hook/ament_prefix_path.ps1'
[0.268s] INFO:colcon.colcon_core.shell:Creating environment descriptor '/ros2_wshesh/src/install/weather_pkg/share/weather_pkg/hook/ament_prefix_path.dsv'
[0.268s] INFO:colcon.colcon_core.shell:Creating environment hook '/ros2_wshesh/src/install/weather_pkg/share/weather_pkg/hook/ament_prefix_path.sh'
[0.269s] INFO:colcon.colcon_core.shell:Skip shell extension 'powershell' for command environment: Not usable outside of PowerShell
[0.269s] DEBUG:colcon.colcon_core.shell:Skip shell extension 'dsv' for command environment
[0.416s] INFO:colcon.colcon_core.task.python.build:Building Python package in '/ros2_wshesh/src/pkg_py'
[0.416s] INFO:colcon.colcon_core.shell:Skip shell extension 'powershell' for command environment: Not usable outside of PowerShell
[0.416s] DEBUG:colcon.colcon_core.shell:Skip shell extension 'dsv' for command environment
[0.564s] INFO:colcon.colcon_core.task.python.build:Building Python package in '/ros2_wshesh/src/turtle_chase_pkg'
[0.564s] INFO:colcon.colcon_core.shell:Skip shell extension 'powershell' for command environment: Not usable outside of PowerShell
[0.564s] DEBUG:colcon.colcon_core.shell:Skip shell extension 'dsv' for command environment
[0.712s] INFO:colcon.colcon_core.task.python.build:Building Python package in '/ros2_wshesh/src/turtle_pkg'
[0.712s] INFO:colcon.colcon_core.shell:Skip shell extension 'powershell' for command environment: Not usable outside of PowerShell
[0.712s] DEBUG:colcon.colcon_core.shell:Skip shell extension 'dsv' for command environment
[0.861s] INFO:colcon.colcon_core.task.python.build:Building Python package in '/ros2_wshesh/src/weather_pkg'
[0.861s] INFO:colcon.colcon_core.shell:Skip shell extension 'powershell' for command environment: Not usable outside of PowerShell
[0.861s] DEBUG:colcon.colcon_core.shell:Skip shell extension 'dsv' for command environment
[1.297s] DEBUG:colcon.colcon_core.event_handler.log_command:Invoking command in '/ros2_wshesh/src/pkg_py': PYTHONPATH=/ros2_wshesh/src/build/pkg_py/prefix_override:/usr/lib/python3/dist-packages/colcon_core/task/python/colcon_distutils_commands:/ros2_wshesh/src/install/pkg_py/lib/python3.12/site-packages:${PYTHONPATH} /usr/bin/python3 -W ignore:setup.py install is deprecated -W ignore:easy_install command is deprecated setup.py egg_info --egg-base ../build/pkg_py build --build-base /ros2_wshesh/src/build/pkg_py/build install --record /ros2_wshesh/src/build/pkg_py/install.log --single-version-externally-managed install_data
[1.300s] DEBUG:colcon.colcon_core.event_handler.log_command:Invoking command in '/ros2_wshesh/src/weather_pkg': PYTHONPATH=/ros2_wshesh/src/build/weather_pkg/prefix_override:/usr/lib/python3/dist-packages/colcon_core/task/python/colcon_distutils_commands:/ros2_wshesh/src/install/weather_pkg/lib/python3.12/site-packages:${PYTHONPATH} /usr/bin/python3 -W ignore:setup.py install is deprecated -W ignore:easy_install command is deprecated setup.py egg_info --egg-base ../build/weather_pkg build --build-base /ros2_wshesh/src/build/weather_pkg/build install --record /ros2_wshesh/src/build/weather_pkg/install.log --single-version-externally-managed install_data
[1.302s] DEBUG:colcon.colcon_core.event_handler.log_command:Invoking command in '/ros2_wshesh/src/turtle_pkg': PYTHONPATH=/ros2_wshesh/src/build/turtle_pkg/prefix_override:/usr/lib/python3/dist-packages/colcon_core/task/python/colcon_distutils_commands:/ros2_wshesh/src/install/turtle_pkg/lib/python3.12/site-packages:${PYTHONPATH} /usr/bin/python3 -W ignore:setup.py install is deprecated -W ignore:easy_install command is deprecated setup.py egg_info --egg-base ../build/turtle_pkg build --build-base /ros2_wshesh/src/build/turtle_pkg/build install --record /ros2_wshesh/src/build/turtle_pkg/install.log --single-version-externally-managed install_data
[1.305s] DEBUG:colcon.colcon_core.event_handler.log_command:Invoking command in '/ros2_wshesh/src/turtle_chase_pkg': PYTHONPATH=/ros2_wshesh/src/build/turtle_chase_pkg/prefix_override:/usr/lib/python3/dist-packages/colcon_core/task/python/colcon_distutils_commands:/ros2_wshesh/src/install/turtle_chase_pkg/lib/python3.12/site-packages:${PYTHONPATH} /usr/bin/python3 -W ignore:setup.py install is deprecated -W ignore:easy_install command is deprecated setup.py egg_info --egg-base ../build/turtle_chase_pkg build --build-base /ros2_wshesh/src/build/turtle_chase_pkg/build install --record /ros2_wshesh/src/build/turtle_chase_pkg/install.log --single-version-externally-managed install_data
[1.633s] DEBUG:colcon.colcon_core.event_handler.log_command:Invoked command in '/ros2_wshesh/src/turtle_chase_pkg' returned '0': PYTHONPATH=/ros2_wshesh/src/build/turtle_chase_pkg/prefix_override:/usr/lib/python3/dist-packages/colcon_core/task/python/colcon_distutils_commands:/ros2_wshesh/src/install/turtle_chase_pkg/lib/python3.12/site-packages:${PYTHONPATH} /usr/bin/python3 -W ignore:setup.py install is deprecated -W ignore:easy_install command is deprecated setup.py egg_info --egg-base ../build/turtle_chase_pkg build --build-base /ros2_wshesh/src/build/turtle_chase_pkg/build install --record /ros2_wshesh/src/build/turtle_chase_pkg/install.log --single-version-externally-managed install_data
[1.645s] Level 1:colcon.colcon_core.environment:checking '/ros2_wshesh/src/install/turtle_chase_pkg' for CMake module files
[1.645s] Level 1:colcon.colcon_core.environment:checking '/ros2_wshesh/src/install/turtle_chase_pkg' for CMake config files
[1.645s] Level 1:colcon.colcon_core.environment:checking '/ros2_wshesh/src/install/turtle_chase_pkg/lib'
[1.646s] Level 1:colcon.colcon_core.environment:checking '/ros2_wshesh/src/install/turtle_chase_pkg/bin'
[1.646s] Level 1:colcon.colcon_core.environment:checking '/ros2_wshesh/src/install/turtle_chase_pkg/lib/pkgconfig/turtle_chase_pkg.pc'
[1.646s] Level 1:colcon.colcon_core.environment:checking '/ros2_wshesh/src/install/turtle_chase_pkg/lib/python3.12/site-packages'
[1.646s] Level 1:colcon.colcon_core.shell:create_environment_hook('turtle_chase_pkg', 'pythonpath')
[1.646s] INFO:colcon.colcon_core.shell:Creating environment hook '/ros2_wshesh/src/install/turtle_chase_pkg/share/turtle_chase_pkg/hook/pythonpath.ps1'
[1.646s] INFO:colcon.colcon_core.shell:Creating environment descriptor '/ros2_wshesh/src/install/turtle_chase_pkg/share/turtle_chase_pkg/hook/pythonpath.dsv'
[1.647s] INFO:colcon.colcon_core.shell:Creating environment hook '/ros2_wshesh/src/install/turtle_chase_pkg/share/turtle_chase_pkg/hook/pythonpath.sh'
[1.647s] Level 1:colcon.colcon_core.environment:checking '/ros2_wshesh/src/install/turtle_chase_pkg/bin'
[1.647s] Level 1:colcon.colcon_core.environment:create_environment_scripts_only(turtle_chase_pkg)
[1.647s] INFO:colcon.colcon_core.shell:Creating package script '/ros2_wshesh/src/install/turtle_chase_pkg/share/turtle_chase_pkg/package.ps1'
[1.648s] INFO:colcon.colcon_core.shell:Creating package descriptor '/ros2_wshesh/src/install/turtle_chase_pkg/share/turtle_chase_pkg/package.dsv'
[1.648s] INFO:colcon.colcon_core.shell:Creating package script '/ros2_wshesh/src/install/turtle_chase_pkg/share/turtle_chase_pkg/package.sh'
[1.649s] INFO:colcon.colcon_core.shell:Creating package script '/ros2_wshesh/src/install/turtle_chase_pkg/share/turtle_chase_pkg/package.bash'
[1.650s] INFO:colcon.colcon_core.shell:Creating package script '/ros2_wshesh/src/install/turtle_chase_pkg/share/turtle_chase_pkg/package.zsh'
[1.650s] Level 1:colcon.colcon_core.environment:create_file_with_runtime_dependencies(/ros2_wshesh/src/install/turtle_chase_pkg/share/colcon-core/packages/turtle_chase_pkg)
[1.652s] Level 1:colcon.colcon_core.environment:checking '/ros2_wshesh/src/install/pkg_py' for CMake module files
[1.652s] DEBUG:colcon.colcon_core.event_handler.log_command:Invoked command in '/ros2_wshesh/src/pkg_py' returned '0': PYTHONPATH=/ros2_wshesh/src/build/pkg_py/prefix_override:/usr/lib/python3/dist-packages/colcon_core/task/python/colcon_distutils_commands:/ros2_wshesh/src/install/pkg_py/lib/python3.12/site-packages:${PYTHONPATH} /usr/bin/python3 -W ignore:setup.py install is deprecated -W ignore:easy_install command is deprecated setup.py egg_info --egg-base ../build/pkg_py build --build-base /ros2_wshesh/src/build/pkg_py/build install --record /ros2_wshesh/src/build/pkg_py/install.log --single-version-externally-managed install_data
[1.653s] Level 1:colcon.colcon_core.environment:checking '/ros2_wshesh/src/install/pkg_py' for CMake config files
[1.653s] Level 1:colcon.colcon_core.environment:checking '/ros2_wshesh/src/install/pkg_py/lib'
[1.653s] Level 1:colcon.colcon_core.environment:checking '/ros2_wshesh/src/install/pkg_py/bin'
[1.653s] Level 1:colcon.colcon_core.environment:checking '/ros2_wshesh/src/install/pkg_py/lib/pkgconfig/pkg_py.pc'
[1.653s] Level 1:colcon.colcon_core.environment:checking '/ros2_wshesh/src/install/pkg_py/lib/python3.12/site-packages'
[1.654s] Level 1:colcon.colcon_core.shell:create_environment_hook('pkg_py', 'pythonpath')
[1.654s] INFO:colcon.colcon_core.shell:Creating environment hook '/ros2_wshesh/src/install/pkg_py/share/pkg_py/hook/pythonpath.ps1'
[1.654s] INFO:colcon.colcon_core.shell:Creating environment descriptor '/ros2_wshesh/src/install/pkg_py/share/pkg_py/hook/pythonpath.dsv'
[1.654s] INFO:colcon.colcon_core.shell:Creating environment hook '/ros2_wshesh/src/install/pkg_py/share/pkg_py/hook/pythonpath.sh'
[1.655s] Level 1:colcon.colcon_core.environment:checking '/ros2_wshesh/src/install/pkg_py/bin'
[1.655s] Level 1:colcon.colcon_core.environment:create_environment_scripts_only(pkg_py)
[1.655s] INFO:colcon.colcon_core.shell:Creating package script '/ros2_wshesh/src/install/pkg_py/share/pkg_py/package.ps1'
[1.655s] INFO:colcon.colcon_core.shell:Creating package descriptor '/ros2_wshesh/src/install/pkg_py/share/pkg_py/package.dsv'
[1.656s] INFO:colcon.colcon_core.shell:Creating package script '/ros2_wshesh/src/install/pkg_py/share/pkg_py/package.sh'
[1.656s] INFO:colcon.colcon_core.shell:Creating package script '/ros2_wshesh/src/install/pkg_py/share/pkg_py/package.bash'
[1.656s] INFO:colcon.colcon_core.shell:Creating package script '/ros2_wshesh/src/install/pkg_py/share/pkg_py/package.zsh'
[1.657s] Level 1:colcon.colcon_core.environment:create_file_with_runtime_dependencies(/ros2_wshesh/src/install/pkg_py/share/colcon-core/packages/pkg_py)
[1.657s] Level 1:colcon.colcon_core.environment:checking '/ros2_wshesh/src/install/turtle_pkg' for CMake module files
[1.658s] DEBUG:colcon.colcon_core.event_handler.log_command:Invoked command in '/ros2_wshesh/src/turtle_pkg' returned '0': PYTHONPATH=/ros2_wshesh/src/build/turtle_pkg/prefix_override:/usr/lib/python3/dist-packages/colcon_core/task/python/colcon_distutils_commands:/ros2_wshesh/src/install/turtle_pkg/lib/python3.12/site-packages:${PYTHONPATH} /usr/bin/python3 -W ignore:setup.py install is deprecated -W ignore:easy_install command is deprecated setup.py egg_info --egg-base ../build/turtle_pkg build --build-base /ros2_wshesh/src/build/turtle_pkg/build install --record /ros2_wshesh/src/build/turtle_pkg/install.log --single-version-externally-managed install_data
[1.658s] Level 1:colcon.colcon_core.environment:checking '/ros2_wshesh/src/install/turtle_pkg' for CMake config files
[1.659s] Level 1:colcon.colcon_core.environment:checking '/ros2_wshesh/src/install/turtle_pkg/lib'
[1.659s] Level 1:colcon.colcon_core.environment:checking '/ros2_wshesh/src/install/turtle_pkg/bin'
[1.659s] Level 1:colcon.colcon_core.environment:checking '/ros2_wshesh/src/install/turtle_pkg/lib/pkgconfig/turtle_pkg.pc'
[1.659s] Level 1:colcon.colcon_core.environment:checking '/ros2_wshesh/src/install/turtle_pkg/lib/python3.12/site-packages'
[1.659s] Level 1:colcon.colcon_core.shell:create_environment_hook('turtle_pkg', 'pythonpath')
[1.659s] INFO:colcon.colcon_core.shell:Creating environment hook '/ros2_wshesh/src/install/turtle_pkg/share/turtle_pkg/hook/pythonpath.ps1'
[1.660s] INFO:colcon.colcon_core.shell:Creating environment descriptor '/ros2_wshesh/src/install/turtle_pkg/share/turtle_pkg/hook/pythonpath.dsv'
[1.660s] INFO:colcon.colcon_core.shell:Creating environment hook '/ros2_wshesh/src/install/turtle_pkg/share/turtle_pkg/hook/pythonpath.sh'
[1.660s] Level 1:colcon.colcon_core.environment:checking '/ros2_wshesh/src/install/turtle_pkg/bin'
[1.660s] Level 1:colcon.colcon_core.environment:create_environment_scripts_only(turtle_pkg)
[1.660s] INFO:colcon.colcon_core.shell:Creating package script '/ros2_wshesh/src/install/turtle_pkg/share/turtle_pkg/package.ps1'
[1.661s] INFO:colcon.colcon_core.shell:Creating package descriptor '/ros2_wshesh/src/install/turtle_pkg/share/turtle_pkg/package.dsv'
[1.661s] INFO:colcon.colcon_core.shell:Creating package script '/ros2_wshesh/src/install/turtle_pkg/share/turtle_pkg/package.sh'
[1.661s] INFO:colcon.colcon_core.shell:Creating package script '/ros2_wshesh/src/install/turtle_pkg/share/turtle_pkg/package.bash'
[1.662s] INFO:colcon.colcon_core.shell:Creating package script '/ros2_wshesh/src/install/turtle_pkg/share/turtle_pkg/package.zsh'
[1.662s] Level 1:colcon.colcon_core.environment:create_file_with_runtime_dependencies(/ros2_wshesh/src/install/turtle_pkg/share/colcon-core/packages/turtle_pkg)
[1.662s] Level 1:colcon.colcon_core.environment:checking '/ros2_wshesh/src/install/weather_pkg' for CMake module files
[1.663s] DEBUG:colcon.colcon_core.event_handler.log_command:Invoked command in '/ros2_wshesh/src/weather_pkg' returned '0': PYTHONPATH=/ros2_wshesh/src/build/weather_pkg/prefix_override:/usr/lib/python3/dist-packages/colcon_core/task/python/colcon_distutils_commands:/ros2_wshesh/src/install/weather_pkg/lib/python3.12/site-packages:${PYTHONPATH} /usr/bin/python3 -W ignore:setup.py install is deprecated -W ignore:easy_install command is deprecated setup.py egg_info --egg-base ../build/weather_pkg build --build-base /ros2_wshesh/src/build/weather_pkg/build install --record /ros2_wshesh/src/build/weather_pkg/install.log --single-version-externally-managed install_data
[1.663s] Level 1:colcon.colcon_core.environment:checking '/ros2_wshesh/src/install/weather_pkg' for CMake config files
[1.663s] Level 1:colcon.colcon_core.environment:checking '/ros2_wshesh/src/install/weather_pkg/lib'
[1.664s] Level 1:colcon.colcon_core.environment:checking '/ros2_wshesh/src/install/weather_pkg/bin'
[1.664s] Level 1:colcon.colcon_core.environment:checking '/ros2_wshesh/src/install/weather_pkg/lib/pkgconfig/weather_pkg.pc'
[1.664s] Level 1:colcon.colcon_core.environment:checking '/ros2_wshesh/src/install/weather_pkg/lib/python3.12/site-packages'
[1.664s] Level 1:colcon.colcon_core.shell:create_environment_hook('weather_pkg', 'pythonpath')
[1.664s] INFO:colcon.colcon_core.shell:Creating environment hook '/ros2_wshesh/src/install/weather_pkg/share/weather_pkg/hook/pythonpath.ps1'
[1.664s] INFO:colcon.colcon_core.shell:Creating environment descriptor '/ros2_wshesh/src/install/weather_pkg/share/weather_pkg/hook/pythonpath.dsv'
[1.664s] INFO:colcon.colcon_core.shell:Creating environment hook '/ros2_wshesh/src/install/weather_pkg/share/weather_pkg/hook/pythonpath.sh'
[1.665s] Level 1:colcon.colcon_core.environment:checking '/ros2_wshesh/src/install/weather_pkg/bin'
[1.665s] Level 1:colcon.colcon_core.environment:create_environment_scripts_only(weather_pkg)
[1.665s] INFO:colcon.colcon_core.shell:Creating package script '/ros2_wshesh/src/install/weather_pkg/share/weather_pkg/package.ps1'
[1.665s] INFO:colcon.colcon_core.shell:Creating package descriptor '/ros2_wshesh/src/install/weather_pkg/share/weather_pkg/package.dsv'
[1.666s] INFO:colcon.colcon_core.shell:Creating package script '/ros2_wshesh/src/install/weather_pkg/share/weather_pkg/package.sh'
[1.666s] INFO:colcon.colcon_core.shell:Creating package script '/ros2_wshesh/src/install/weather_pkg/share/weather_pkg/package.bash'
[1.666s] INFO:colcon.colcon_core.shell:Creating package script '/ros2_wshesh/src/install/weather_pkg/share/weather_pkg/package.zsh'
[1.666s] Level 1:colcon.colcon_core.environment:create_file_with_runtime_dependencies(/ros2_wshesh/src/install/weather_pkg/share/colcon-core/packages/weather_pkg)
[1.667s] DEBUG:colcon.colcon_parallel_executor.executor.parallel:closing loop
[1.667s] DEBUG:colcon.colcon_parallel_executor.executor.parallel:loop closed
[1.667s] DEBUG:colcon.colcon_parallel_executor.executor.parallel:run_until_complete finished with '0'
[1.667s] DEBUG:colcon.colcon_core.event_reactor:joining thread
[1.681s] INFO:colcon.colcon_core.plugin_system:Skipping extension 'colcon_notification.desktop_notification.notify_send': Could not find 'notify-send'
[1.681s] INFO:colcon.colcon_core.plugin_system:Skipping extension 'colcon_notification.desktop_notification.terminal_notifier': Not used on non-Darwin systems
[1.681s] INFO:colcon.colcon_core.plugin_system:Skipping extension 'colcon_notification.desktop_notification.win32': Not used on non-Windows systems
[1.681s] INFO:colcon.colcon_notification.desktop_notification:Sending desktop notification using 'notify2'
[1.683s] DEBUG:colcon.colcon_notification.desktop_notification.notify2:Failed to initialize notify2: org.freedesktop.DBus.Error.Spawn.ExecFailed: /usr/bin/dbus-launch terminated abnormally without any error message
[1.684s] DEBUG:colcon.colcon_core.event_reactor:joined thread
[1.684s] INFO:colcon.colcon_core.shell:Creating prefix script '/ros2_wshesh/src/install/local_setup.ps1'
[1.685s] INFO:colcon.colcon_core.shell:Creating prefix util module '/ros2_wshesh/src/install/_local_setup_util_ps1.py'
[1.686s] INFO:colcon.colcon_core.shell:Creating prefix chain script '/ros2_wshesh/src/install/setup.ps1'
[1.687s] INFO:colcon.colcon_core.shell:Creating prefix script '/ros2_wshesh/src/install/local_setup.sh'
[1.687s] INFO:colcon.colcon_core.shell:Creating prefix util module '/ros2_wshesh/src/install/_local_setup_util_sh.py'
[1.688s] INFO:colcon.colcon_core.shell:Creating prefix chain script '/ros2_wshesh/src/install/setup.sh'
[1.689s] INFO:colcon.colcon_core.shell:Creating prefix script '/ros2_wshesh/src/install/local_setup.bash'
[1.689s] INFO:colcon.colcon_core.shell:Creating prefix chain script '/ros2_wshesh/src/install/setup.bash'
[1.690s] INFO:colcon.colcon_core.shell:Creating prefix script '/ros2_wshesh/src/install/local_setup.zsh'
[1.690s] INFO:colcon.colcon_core.shell:Creating prefix chain script '/ros2_wshesh/src/install/setup.zsh'
